<?xml version="1.0" encoding="UTF-8"?>
<TestRun id="a38004a8-0fd3-4d94-a352-7a20c952cc33" name="Farseer@FARSEER-PC 2009-07-27 15:44:41" runUser="Farseer-PC\Farseer" xmlns="http://microsoft.com/schemas/VisualStudio/TeamTest/2006">
  <TestRunConfiguration name="Local Test Run" id="85eb33de-a008-4c7a-a5d1-709c22ebf7d0">
    <Description>This is a default test run configuration for a local test run.</Description>
    <CodeCoverage enabled="true">
      <Regular>
        <CodeCoverageItem binaryFile="C:\combcell\googlecode\trunk\Solutions\CombCell\Debug\CombCell.exe" pdbFile="C:\combcell\googlecode\trunk\Solutions\CombCell\Debug\CombCell.instr.pdb" instrumentInPlace="true" />
        <CodeCoverageItem binaryFile="C:\combcell\googlecode\trunk\Solutions\CombCell\Debug\CombCell.View3D.exe" pdbFile="C:\combcell\googlecode\trunk\Solutions\CombCell\Debug\CombCell.View3D.instr.pdb" instrumentInPlace="true" />
        <CodeCoverageItem binaryFile="C:\combcell\googlecode\trunk\Solutions\CombCell\CombCell.Test\CombCell.Tests\bin\Debug\CombCell.Tests.dll" pdbFile="C:\combcell\googlecode\trunk\Solutions\CombCell\CombCell.Test\CombCell.Tests\bin\Debug\CombCell.Tests.instr.pdb" instrumentInPlace="true" />
        <CodeCoverageItem binaryFile="C:\combcell\googlecode\trunk\Solutions\CombCell\CombCell.DSAlgo\CombCell.DSAlgo.Tests\bin\Debug\CombCell.DSAlgo.Tests.dll" pdbFile="C:\combcell\googlecode\trunk\Solutions\CombCell\CombCell.DSAlgo\CombCell.DSAlgo.Tests\bin\Debug\CombCell.DSAlgo.Tests.instr.pdb" instrumentInPlace="true" />
        <CodeCoverageItem binaryFile="C:\combcell\googlecode\trunk\Solutions\CombCell\Debug\CombCell.DSAlgo.dll" pdbFile="C:\combcell\googlecode\trunk\Solutions\CombCell\Debug\CombCell.DSAlgo.instr.pdb" instrumentInPlace="true" />
      </Regular>
    </CodeCoverage>
    <Deployment runDeploymentRoot="C:\Users\Farseer\Desktop\Farseer_FARSEER-PC 2009-07-27 15_44_41">
      <DeploymentItem filename="C:\combcell\googlecode\trunk\Solutions\CombCell\Debug\CombCell.DSAlgo.dll" />
      <DeploymentItem filename="c:\Program Files\Microsoft Visual Studio 9.0\Common7\IDE\PublicAssemblies\Microsoft.VisualStudio.QualityTools.UnitTestFramework.dll" />
      <DeploymentItem filename="C:\combcell\googlecode\trunk\Solutions\CombCell\Debug\CombCell.exe" />
    </Deployment>
    <Plugins>
      <Plugin>Microsoft.VisualStudio.TestTools.CodeCoverage.CoveragePlugIn, Microsoft.VisualStudio.QualityTools.Plugins.CodeCoverage, PublicKeyToken=b03f5f7f11d50a3a</Plugin>
    </Plugins>
    <TestTypeSpecific>
      <WebTestRunConfiguration testTypeId="4e7599fa-5ecb-43e9-a887-cd63cf72d207">
        <Browser name="Internet Explorer 7.0">
          <Headers>
            <Header name="User-Agent" value="Mozilla/4.0 (compatible; MSIE 7.0; Windows NT 5.1)" />
            <Header name="Accept" value="*/*" />
            <Header name="Accept-Language" value="{{$IEAcceptLanguage}}" />
            <Header name="Accept-Encoding" value="GZIP" />
          </Headers>
        </Browser>
        <Network Name="LAN" BandwidthInKbps="0" />
      </WebTestRunConfiguration>
    </TestTypeSpecific>
  </TestRunConfiguration>
  <ResultSummary outcome="Failed">
    <Counters total="265" executed="265" passed="233" error="0" failed="32" timeout="0" aborted="0" inconclusive="0" passedButRunAborted="0" notRunnable="0" notExecuted="0" disconnected="0" warning="0" completed="0" inProgress="0" pending="0" />
    <RunInfos>
      <RunInfo computerName="FARSEER-PC" outcome="Warning" timestamp="2009-07-27T15:44:49.4566000+08:00">
        <Text>处理文件 CombCell.exe 时出现代码覆盖率检测警告:
警告 VSP2013 : 检测此映像要求此映像以 32 位进程的方式运行。已更新 CLR 标头标志，以反映这一信息。。</Text>
      </RunInfo>
      <RunInfo computerName="FARSEER-PC" outcome="Warning" timestamp="2009-07-27T15:44:49.9036000+08:00">
        <Text>处理文件 CombCell.View3D.exe 时出现代码覆盖率检测警告:
警告 VSP2013 : 检测此映像要求此映像以 32 位进程的方式运行。已更新 CLR 标头标志，以反映这一信息。。</Text>
      </RunInfo>
      <RunInfo computerName="FARSEER-PC" outcome="Warning" timestamp="2009-07-27T15:44:50.2816000+08:00">
        <Text>处理文件 CombCell.Tests.dll 时出现代码覆盖率检测警告:
警告 VSP2013 : 检测此映像要求此映像以 32 位进程的方式运行。已更新 CLR 标头标志，以反映这一信息。。</Text>
      </RunInfo>
      <RunInfo computerName="FARSEER-PC" outcome="Warning" timestamp="2009-07-27T15:44:50.6626000+08:00">
        <Text>处理文件 CombCell.DSAlgo.Tests.dll 时出现代码覆盖率检测警告:
警告 VSP2013 : 检测此映像要求此映像以 32 位进程的方式运行。已更新 CLR 标头标志，以反映这一信息。。</Text>
      </RunInfo>
      <RunInfo computerName="FARSEER-PC" outcome="Warning" timestamp="2009-07-27T15:44:50.9306000+08:00">
        <Text>处理文件 CombCell.DSAlgo.dll 时出现代码覆盖率检测警告:
警告 VSP2013 : 检测此映像要求此映像以 32 位进程的方式运行。已更新 CLR 标头标志，以反映这一信息。。</Text>
      </RunInfo>
    </RunInfos>
  </ResultSummary>
  <Times creation="2009-07-27T15:44:41.5276000+08:00" queuing="2009-07-27T15:44:57.2976000+08:00" start="2009-07-27T15:44:57.9666000+08:00" finish="2009-07-27T15:45:04.9336000+08:00" />
  <TestDefinitions>
    <UnitTest name="CurrentGet01" storage="c:\combcell\googlecode\trunk\solutions\combcell\combcell.test\combcell.tests\bin\debug\combcell.tests.dll" id="27f0b52f-d1c9-a22b-c131-4169928d14fc">
      <Css projectStructure="" iteration="" />
      <Owners>
        <Owner name="" />
      </Owners>
      <Execution id="791df630-c695-4b4c-8ded-5043a5681e27" />
      <TestMethod codeBase="C:\combcell\googlecode\trunk\Solutions\CombCell\CombCell.Test\CombCell.Tests\bin\Debug\CombCell.Tests.dll" adapterTypeName="Microsoft.VisualStudio.TestTools.TestTypes.Unit.UnitTestAdapter, Microsoft.VisualStudio.QualityTools.Tips.UnitTest.Adapter, Version=9.0.0.0, Culture=neutral, PublicKeyToken=b03f5f7f11d50a3a" className="CombCell.LengendTest, CombCell.Tests" name="CurrentGet01" />
    </UnitTest>
    <UnitTest name="HasNextPermutation02" storage="c:\combcell\googlecode\trunk\solutions\combcell\combcell.dsalgo\combcell.dsalgo.tests\bin\debug\combcell.dsalgo.tests.dll" id="0ba9e7a8-55f2-fe0b-8bc2-1ac91f92e105">
      <Css projectStructure="" iteration="" />
      <Owners>
        <Owner name="" />
      </Owners>
      <Execution id="f6d8c2fe-7ca2-4d24-bb63-f22eb904b55b" />
      <TestMethod codeBase="C:\combcell\googlecode\trunk\Solutions\CombCell\CombCell.DSAlgo\CombCell.DSAlgo.Tests\bin\Debug\CombCell.DSAlgo.Tests.dll" adapterTypeName="Microsoft.VisualStudio.TestTools.TestTypes.Unit.UnitTestAdapter, Microsoft.VisualStudio.QualityTools.Tips.UnitTest.Adapter, Version=9.0.0.0, Culture=neutral, PublicKeyToken=b03f5f7f11d50a3a" className="CombCell.DSAlgo.HamiltonSlowTTest, CombCell.DSAlgo.Tests" name="HasNextPermutation02" />
    </UnitTest>
    <UnitTest name="FromPointToPair01" storage="c:\combcell\googlecode\trunk\solutions\combcell\combcell.test\combcell.tests\bin\debug\combcell.tests.dll" id="884e4d6c-c692-3230-0eb8-0f6cb57a76cf">
      <Css projectStructure="" iteration="" />
      <Owners>
        <Owner name="" />
      </Owners>
      <Execution id="737f5c1d-0197-40bf-9b24-0e8a3e572d22" />
      <TestMethod codeBase="C:\combcell\googlecode\trunk\Solutions\CombCell\CombCell.Test\CombCell.Tests\bin\Debug\CombCell.Tests.dll" adapterTypeName="Microsoft.VisualStudio.TestTools.TestTypes.Unit.UnitTestAdapter, Microsoft.VisualStudio.QualityTools.Tips.UnitTest.Adapter, Version=9.0.0.0, Culture=neutral, PublicKeyToken=b03f5f7f11d50a3a" className="CombCell.RectArrangerTest, CombCell.Tests" name="FromPointToPair01" />
    </UnitTest>
    <UnitTest name="CreateCellShape01" storage="c:\combcell\googlecode\trunk\solutions\combcell\combcell.test\combcell.tests\bin\debug\combcell.tests.dll" id="da30a1f5-c1d4-7a84-e910-1ef4a2c80112">
      <Css projectStructure="" iteration="" />
      <Owners>
        <Owner name="" />
      </Owners>
      <Execution id="c71d5e30-a283-446a-93b6-5431d1e4eb19" />
      <TestMethod codeBase="C:\combcell\googlecode\trunk\Solutions\CombCell\CombCell.Test\CombCell.Tests\bin\Debug\CombCell.Tests.dll" adapterTypeName="Microsoft.VisualStudio.TestTools.TestTypes.Unit.UnitTestAdapter, Microsoft.VisualStudio.QualityTools.Tips.UnitTest.Adapter, Version=9.0.0.0, Culture=neutral, PublicKeyToken=b03f5f7f11d50a3a" className="CombCell.RectArrangerTest, CombCell.Tests" name="CreateCellShape01" />
    </UnitTest>
    <UnitTest name="HasNextPermutation07" storage="c:\combcell\googlecode\trunk\solutions\combcell\combcell.dsalgo\combcell.dsalgo.tests\bin\debug\combcell.dsalgo.tests.dll" id="c2567454-d203-001f-bc35-2dff0ff31f85">
      <Css projectStructure="" iteration="" />
      <Owners>
        <Owner name="" />
      </Owners>
      <Execution id="ed020c13-6604-420b-8682-a86721a80e3b" />
      <TestMethod codeBase="C:\combcell\googlecode\trunk\Solutions\CombCell\CombCell.DSAlgo\CombCell.DSAlgo.Tests\bin\Debug\CombCell.DSAlgo.Tests.dll" adapterTypeName="Microsoft.VisualStudio.TestTools.TestTypes.Unit.UnitTestAdapter, Microsoft.VisualStudio.QualityTools.Tips.UnitTest.Adapter, Version=9.0.0.0, Culture=neutral, PublicKeyToken=b03f5f7f11d50a3a" className="CombCell.DSAlgo.HamiltonSlowTTest, CombCell.DSAlgo.Tests" name="HasNextPermutation07" />
    </UnitTest>
    <UnitTest name="HasNextPermutation01" storage="c:\combcell\googlecode\trunk\solutions\combcell\combcell.dsalgo\combcell.dsalgo.tests\bin\debug\combcell.dsalgo.tests.dll" id="b724700b-4b9e-4bb8-c7aa-351f151f2c5c">
      <Css projectStructure="" iteration="" />
      <Owners>
        <Owner name="" />
      </Owners>
      <Execution id="3a11be20-4910-4772-b78a-e373108e0ad4" />
      <TestMethod codeBase="C:\combcell\googlecode\trunk\Solutions\CombCell\CombCell.DSAlgo\CombCell.DSAlgo.Tests\bin\Debug\CombCell.DSAlgo.Tests.dll" adapterTypeName="Microsoft.VisualStudio.TestTools.TestTypes.Unit.UnitTestAdapter, Microsoft.VisualStudio.QualityTools.Tips.UnitTest.Adapter, Version=9.0.0.0, Culture=neutral, PublicKeyToken=b03f5f7f11d50a3a" className="CombCell.DSAlgo.HamiltonSlowTTest, CombCell.DSAlgo.Tests" name="HasNextPermutation01" />
    </UnitTest>
    <UnitTest name="ItemGetSet02" storage="c:\combcell\googlecode\trunk\solutions\combcell\combcell.test\combcell.tests\bin\debug\combcell.tests.dll" id="b14c7644-fd87-aa42-f2af-155066c39f5b">
      <Css projectStructure="" iteration="" />
      <Owners>
        <Owner name="" />
      </Owners>
      <Execution id="e63edf48-0b8c-4002-b654-01144b479623" />
      <TestMethod codeBase="C:\combcell\googlecode\trunk\Solutions\CombCell\CombCell.Test\CombCell.Tests\bin\Debug\CombCell.Tests.dll" adapterTypeName="Microsoft.VisualStudio.TestTools.TestTypes.Unit.UnitTestAdapter, Microsoft.VisualStudio.QualityTools.Tips.UnitTest.Adapter, Version=9.0.0.0, Culture=neutral, PublicKeyToken=b03f5f7f11d50a3a" className="CombCell.LengendTest, CombCell.Tests" name="ItemGetSet02" />
    </UnitTest>
    <UnitTest name="Remove0101" storage="c:\combcell\googlecode\trunk\solutions\combcell\combcell.dsalgo\combcell.dsalgo.tests\bin\debug\combcell.dsalgo.tests.dll" id="d28f95a8-8f99-346b-1bf0-7d493e4273f0">
      <Css projectStructure="" iteration="" />
      <Owners>
        <Owner name="" />
      </Owners>
      <Execution id="3ef06767-c73a-4f0a-81bb-8382b7f3ddc7" />
      <TestMethod codeBase="C:\combcell\googlecode\trunk\Solutions\CombCell\CombCell.DSAlgo\CombCell.DSAlgo.Tests\bin\Debug\CombCell.DSAlgo.Tests.dll" adapterTypeName="Microsoft.VisualStudio.TestTools.TestTypes.Unit.UnitTestAdapter, Microsoft.VisualStudio.QualityTools.Tips.UnitTest.Adapter, Version=9.0.0.0, Culture=neutral, PublicKeyToken=b03f5f7f11d50a3a" className="CombCell.DSAlgo.PriorityQueueTItemTPriTest, CombCell.DSAlgo.Tests" name="Remove0101" />
    </UnitTest>
    <UnitTest name="CopyTo08" storage="c:\combcell\googlecode\trunk\solutions\combcell\combcell.dsalgo\combcell.dsalgo.tests\bin\debug\combcell.dsalgo.tests.dll" id="0a6473d4-c93c-c831-f730-8b4a04959d64">
      <Css projectStructure="" iteration="" />
      <Owners>
        <Owner name="" />
      </Owners>
      <Execution id="0845d2d6-af30-4e72-86f2-8269624867c1" />
      <TestMethod codeBase="C:\combcell\googlecode\trunk\Solutions\CombCell\CombCell.DSAlgo\CombCell.DSAlgo.Tests\bin\Debug\CombCell.DSAlgo.Tests.dll" adapterTypeName="Microsoft.VisualStudio.TestTools.TestTypes.Unit.UnitTestAdapter, Microsoft.VisualStudio.QualityTools.Tips.UnitTest.Adapter, Version=9.0.0.0, Culture=neutral, PublicKeyToken=b03f5f7f11d50a3a" className="CombCell.DSAlgo.PriorityQueueTItemTPriTest, CombCell.DSAlgo.Tests" name="CopyTo08" />
    </UnitTest>
    <UnitTest name="EnsureCells09" storage="c:\combcell\googlecode\trunk\solutions\combcell\combcell.test\combcell.tests\bin\debug\combcell.tests.dll" id="11384f71-77b8-9298-d35a-c286d4c25289">
      <Css projectStructure="" iteration="" />
      <Owners>
        <Owner name="" />
      </Owners>
      <Execution id="456b448f-78f9-42e1-9341-4c2017df2021" />
      <TestMethod codeBase="C:\combcell\googlecode\trunk\Solutions\CombCell\CombCell.Test\CombCell.Tests\bin\Debug\CombCell.Tests.dll" adapterTypeName="Microsoft.VisualStudio.TestTools.TestTypes.Unit.UnitTestAdapter, Microsoft.VisualStudio.QualityTools.Tips.UnitTest.Adapter, Version=9.0.0.0, Culture=neutral, PublicKeyToken=b03f5f7f11d50a3a" className="CombCell.CombTest, CombCell.Tests" name="EnsureCells09" />
    </UnitTest>
    <UnitTest name="ItemGet0103" storage="c:\combcell\googlecode\trunk\solutions\combcell\combcell.test\combcell.tests\bin\debug\combcell.tests.dll" id="3ac598ce-4710-4a4d-4697-a4da8da6ccdf">
      <Css projectStructure="" iteration="" />
      <Owners>
        <Owner name="" />
      </Owners>
      <Execution id="d9c13bf3-0212-4f87-b6bc-6f3fb7d3b60f" />
      <TestMethod codeBase="C:\combcell\googlecode\trunk\Solutions\CombCell\CombCell.Test\CombCell.Tests\bin\Debug\CombCell.Tests.dll" adapterTypeName="Microsoft.VisualStudio.TestTools.TestTypes.Unit.UnitTestAdapter, Microsoft.VisualStudio.QualityTools.Tips.UnitTest.Adapter, Version=9.0.0.0, Culture=neutral, PublicKeyToken=b03f5f7f11d50a3a" className="CombCell.CombTest, CombCell.Tests" name="ItemGet0103" />
    </UnitTest>
    <UnitTest name="EnsureCells34" storage="c:\combcell\googlecode\trunk\solutions\combcell\combcell.test\combcell.tests\bin\debug\combcell.tests.dll" id="aac9d9a5-4db1-9527-58d1-5effdca4e7c8">
      <Css projectStructure="" iteration="" />
      <Owners>
        <Owner name="" />
      </Owners>
      <Execution id="8f7cbd0e-776f-479f-8685-61f586d4438d" />
      <TestMethod codeBase="C:\combcell\googlecode\trunk\Solutions\CombCell\CombCell.Test\CombCell.Tests\bin\Debug\CombCell.Tests.dll" adapterTypeName="Microsoft.VisualStudio.TestTools.TestTypes.Unit.UnitTestAdapter, Microsoft.VisualStudio.QualityTools.Tips.UnitTest.Adapter, Version=9.0.0.0, Culture=neutral, PublicKeyToken=b03f5f7f11d50a3a" className="CombCell.CombTest, CombCell.Tests" name="EnsureCells34" />
    </UnitTest>
    <UnitTest name="Constructor01" storage="c:\combcell\googlecode\trunk\solutions\combcell\combcell.test\combcell.tests\bin\debug\combcell.tests.dll" id="e74ce5a6-acef-1dc2-7516-6b2c0039f850">
      <Css projectStructure="" iteration="" />
      <Owners>
        <Owner name="" />
      </Owners>
      <Execution id="0f03e93d-774d-4ee6-b184-cd1eaf16d8e3" />
      <TestMethod codeBase="C:\combcell\googlecode\trunk\Solutions\CombCell\CombCell.Test\CombCell.Tests\bin\Debug\CombCell.Tests.dll" adapterTypeName="Microsoft.VisualStudio.TestTools.TestTypes.Unit.UnitTestAdapter, Microsoft.VisualStudio.QualityTools.Tips.UnitTest.Adapter, Version=9.0.0.0, Culture=neutral, PublicKeyToken=b03f5f7f11d50a3a" className="CombCell.AlgoShowerTest, CombCell.Tests" name="Constructor01" />
    </UnitTest>
    <UnitTest name="EnsureCells18" storage="c:\combcell\googlecode\trunk\solutions\combcell\combcell.test\combcell.tests\bin\debug\combcell.tests.dll" id="d914dc4e-cbb5-4397-47bc-3d976206e188">
      <Css projectStructure="" iteration="" />
      <Owners>
        <Owner name="" />
      </Owners>
      <Execution id="e101f018-ab22-4040-94eb-c23cadabd644" />
      <TestMethod codeBase="C:\combcell\googlecode\trunk\Solutions\CombCell\CombCell.Test\CombCell.Tests\bin\Debug\CombCell.Tests.dll" adapterTypeName="Microsoft.VisualStudio.TestTools.TestTypes.Unit.UnitTestAdapter, Microsoft.VisualStudio.QualityTools.Tips.UnitTest.Adapter, Version=9.0.0.0, Culture=neutral, PublicKeyToken=b03f5f7f11d50a3a" className="CombCell.CombTest, CombCell.Tests" name="EnsureCells18" />
    </UnitTest>
    <UnitTest name="FromPointToPair06" storage="c:\combcell\googlecode\trunk\solutions\combcell\combcell.test\combcell.tests\bin\debug\combcell.tests.dll" id="660b8691-1ddf-c8c6-6d3f-b51d3f5d1ed0">
      <Css projectStructure="" iteration="" />
      <Owners>
        <Owner name="" />
      </Owners>
      <Execution id="127eac64-d742-4cd2-bd34-4fb37b99ea76" />
      <TestMethod codeBase="C:\combcell\googlecode\trunk\Solutions\CombCell\CombCell.Test\CombCell.Tests\bin\Debug\CombCell.Tests.dll" adapterTypeName="Microsoft.VisualStudio.TestTools.TestTypes.Unit.UnitTestAdapter, Microsoft.VisualStudio.QualityTools.Tips.UnitTest.Adapter, Version=9.0.0.0, Culture=neutral, PublicKeyToken=b03f5f7f11d50a3a" className="CombCell.ArrangerTest, CombCell.Tests" name="FromPointToPair06" />
    </UnitTest>
    <UnitTest name="Add02" storage="c:\combcell\googlecode\trunk\solutions\combcell\combcell.dsalgo\combcell.dsalgo.tests\bin\debug\combcell.dsalgo.tests.dll" id="86029c38-2c7b-dfb0-2627-9ee2e3c07cc5">
      <Css projectStructure="" iteration="" />
      <Owners>
        <Owner name="" />
      </Owners>
      <Execution id="fceda552-d1c6-4097-8158-d29b8dd4d321" />
      <TestMethod codeBase="C:\combcell\googlecode\trunk\Solutions\CombCell\CombCell.DSAlgo\CombCell.DSAlgo.Tests\bin\Debug\CombCell.DSAlgo.Tests.dll" adapterTypeName="Microsoft.VisualStudio.TestTools.TestTypes.Unit.UnitTestAdapter, Microsoft.VisualStudio.QualityTools.Tips.UnitTest.Adapter, Version=9.0.0.0, Culture=neutral, PublicKeyToken=b03f5f7f11d50a3a" className="CombCell.DSAlgo.PriorityQueueTItemTPriTest, CombCell.DSAlgo.Tests" name="Add02" />
    </UnitTest>
    <UnitTest name="Constructor03" storage="c:\combcell\googlecode\trunk\solutions\combcell\combcell.test\combcell.tests\bin\debug\combcell.tests.dll" id="a14b4c80-7009-1436-4814-cdc3db2645be">
      <Css projectStructure="" iteration="" />
      <Owners>
        <Owner name="" />
      </Owners>
      <Execution id="2a83acf4-2d36-4e8f-b655-48032a00cdc3" />
      <TestMethod codeBase="C:\combcell\googlecode\trunk\Solutions\CombCell\CombCell.Test\CombCell.Tests\bin\Debug\CombCell.Tests.dll" adapterTypeName="Microsoft.VisualStudio.TestTools.TestTypes.Unit.UnitTestAdapter, Microsoft.VisualStudio.QualityTools.Tips.UnitTest.Adapter, Version=9.0.0.0, Culture=neutral, PublicKeyToken=b03f5f7f11d50a3a" className="CombCell.DSAlgo.EdgeTTest, CombCell.Tests" name="Constructor03" />
    </UnitTest>
    <UnitTest name="CopyTo02" storage="c:\combcell\googlecode\trunk\solutions\combcell\combcell.dsalgo\combcell.dsalgo.tests\bin\debug\combcell.dsalgo.tests.dll" id="28eef2f0-3a75-0ec0-be77-54c61d0e9d94">
      <Css projectStructure="" iteration="" />
      <Owners>
        <Owner name="" />
      </Owners>
      <Execution id="10bdab4b-268b-44f7-83f4-3e1bdccb7426" />
      <TestMethod codeBase="C:\combcell\googlecode\trunk\Solutions\CombCell\CombCell.DSAlgo\CombCell.DSAlgo.Tests\bin\Debug\CombCell.DSAlgo.Tests.dll" adapterTypeName="Microsoft.VisualStudio.TestTools.TestTypes.Unit.UnitTestAdapter, Microsoft.VisualStudio.QualityTools.Tips.UnitTest.Adapter, Version=9.0.0.0, Culture=neutral, PublicKeyToken=b03f5f7f11d50a3a" className="CombCell.DSAlgo.PriorityQueueTItemTPriTest, CombCell.DSAlgo.Tests" name="CopyTo02" />
    </UnitTest>
    <UnitTest name="ToString01" storage="c:\combcell\googlecode\trunk\solutions\combcell\combcell.test\combcell.tests\bin\debug\combcell.tests.dll" id="d3107042-29e0-f9e3-c174-def6977d1282">
      <Css projectStructure="" iteration="" />
      <Owners>
        <Owner name="" />
      </Owners>
      <Execution id="6ee0fa48-af99-4a85-adb6-9b6c256a1ab5" />
      <TestMethod codeBase="C:\combcell\googlecode\trunk\Solutions\CombCell\CombCell.Test\CombCell.Tests\bin\Debug\CombCell.Tests.dll" adapterTypeName="Microsoft.VisualStudio.TestTools.TestTypes.Unit.UnitTestAdapter, Microsoft.VisualStudio.QualityTools.Tips.UnitTest.Adapter, Version=9.0.0.0, Culture=neutral, PublicKeyToken=b03f5f7f11d50a3a" className="CombCell.DSAlgo.EdgeTTest, CombCell.Tests" name="ToString01" />
    </UnitTest>
    <UnitTest name="GraphPathGetSet01" storage="c:\combcell\googlecode\trunk\solutions\combcell\combcell.test\combcell.tests\bin\debug\combcell.tests.dll" id="6235a573-c196-acf5-7e13-a5f895baa7ef">
      <Css projectStructure="" iteration="" />
      <Owners>
        <Owner name="" />
      </Owners>
      <Execution id="55fffdfc-1f2a-4506-811e-67daca0b98e0" />
      <TestMethod codeBase="C:\combcell\googlecode\trunk\Solutions\CombCell\CombCell.Test\CombCell.Tests\bin\Debug\CombCell.Tests.dll" adapterTypeName="Microsoft.VisualStudio.TestTools.TestTypes.Unit.UnitTestAdapter, Microsoft.VisualStudio.QualityTools.Tips.UnitTest.Adapter, Version=9.0.0.0, Culture=neutral, PublicKeyToken=b03f5f7f11d50a3a" className="CombCell.CombTest, CombCell.Tests" name="GraphPathGetSet01" />
    </UnitTest>
    <UnitTest name="EnsureCells07" storage="c:\combcell\googlecode\trunk\solutions\combcell\combcell.test\combcell.tests\bin\debug\combcell.tests.dll" id="7d885b38-97e5-9f9c-08af-b45d00c9ff38">
      <Css projectStructure="" iteration="" />
      <Owners>
        <Owner name="" />
      </Owners>
      <Execution id="820c915a-527c-44ef-88f4-64613989df9a" />
      <TestMethod codeBase="C:\combcell\googlecode\trunk\Solutions\CombCell\CombCell.Test\CombCell.Tests\bin\Debug\CombCell.Tests.dll" adapterTypeName="Microsoft.VisualStudio.TestTools.TestTypes.Unit.UnitTestAdapter, Microsoft.VisualStudio.QualityTools.Tips.UnitTest.Adapter, Version=9.0.0.0, Culture=neutral, PublicKeyToken=b03f5f7f11d50a3a" className="CombCell.CombTest, CombCell.Tests" name="EnsureCells07" />
    </UnitTest>
    <UnitTest name="Unblock01" storage="c:\combcell\googlecode\trunk\solutions\combcell\combcell.test\combcell.tests\bin\debug\combcell.tests.dll" id="a7d97db3-fd0a-fd9f-2170-cf6189db02cd">
      <Css projectStructure="" iteration="" />
      <Owners>
        <Owner name="" />
      </Owners>
      <Execution id="a0356b1a-23b6-45c8-b3bb-6f0007655328" />
      <TestMethod codeBase="C:\combcell\googlecode\trunk\Solutions\CombCell\CombCell.Test\CombCell.Tests\bin\Debug\CombCell.Tests.dll" adapterTypeName="Microsoft.VisualStudio.TestTools.TestTypes.Unit.UnitTestAdapter, Microsoft.VisualStudio.QualityTools.Tips.UnitTest.Adapter, Version=9.0.0.0, Culture=neutral, PublicKeyToken=b03f5f7f11d50a3a" className="CombCell.CombTest, CombCell.Tests" name="Unblock01" />
    </UnitTest>
    <UnitTest name="Insert02" storage="c:\combcell\googlecode\trunk\solutions\combcell\combcell.dsalgo\combcell.dsalgo.tests\bin\debug\combcell.dsalgo.tests.dll" id="f65bb69b-f249-a757-8834-65f69ebe4493">
      <Css projectStructure="" iteration="" />
      <Owners>
        <Owner name="" />
      </Owners>
      <Execution id="6d4c34cb-5df0-42e7-beb8-5954a9396a00" />
      <TestMethod codeBase="C:\combcell\googlecode\trunk\Solutions\CombCell\CombCell.DSAlgo\CombCell.DSAlgo.Tests\bin\Debug\CombCell.DSAlgo.Tests.dll" adapterTypeName="Microsoft.VisualStudio.TestTools.TestTypes.Unit.UnitTestAdapter, Microsoft.VisualStudio.QualityTools.Tips.UnitTest.Adapter, Version=9.0.0.0, Culture=neutral, PublicKeyToken=b03f5f7f11d50a3a" className="CombCell.DSAlgo.PriorityQueueTItemTPriTest, CombCell.DSAlgo.Tests" name="Insert02" />
    </UnitTest>
    <UnitTest name="CalcFc0101" storage="c:\combcell\googlecode\trunk\solutions\combcell\combcell.dsalgo\combcell.dsalgo.tests\bin\debug\combcell.dsalgo.tests.dll" id="eb18143a-0b58-a574-b95e-8def86f3e6cf">
      <Css projectStructure="" iteration="" />
      <Owners>
        <Owner name="" />
      </Owners>
      <Execution id="088b71ff-6a6b-4e5f-aebd-8e5dc720fbad" />
      <TestMethod codeBase="C:\combcell\googlecode\trunk\Solutions\CombCell\CombCell.DSAlgo\CombCell.DSAlgo.Tests\bin\Debug\CombCell.DSAlgo.Tests.dll" adapterTypeName="Microsoft.VisualStudio.TestTools.TestTypes.Unit.UnitTestAdapter, Microsoft.VisualStudio.QualityTools.Tips.UnitTest.Adapter, Version=9.0.0.0, Culture=neutral, PublicKeyToken=b03f5f7f11d50a3a" className="CombCell.DSAlgo.HamiltonTTest, CombCell.DSAlgo.Tests" name="CalcFc0101" />
    </UnitTest>
    <UnitTest name="ContainsKey01" storage="c:\combcell\googlecode\trunk\solutions\combcell\combcell.dsalgo\combcell.dsalgo.tests\bin\debug\combcell.dsalgo.tests.dll" id="8aa1e64d-8b16-e0b0-d6d4-caef3018d255">
      <Css projectStructure="" iteration="" />
      <Owners>
        <Owner name="" />
      </Owners>
      <Execution id="dd3e5b4c-4101-4e02-8c2d-b41d5924ea64" />
      <TestMethod codeBase="C:\combcell\googlecode\trunk\Solutions\CombCell\CombCell.DSAlgo\CombCell.DSAlgo.Tests\bin\Debug\CombCell.DSAlgo.Tests.dll" adapterTypeName="Microsoft.VisualStudio.TestTools.TestTypes.Unit.UnitTestAdapter, Microsoft.VisualStudio.QualityTools.Tips.UnitTest.Adapter, Version=9.0.0.0, Culture=neutral, PublicKeyToken=b03f5f7f11d50a3a" className="CombCell.DSAlgo.PriorityQueueTItemTPriTest, CombCell.DSAlgo.Tests" name="ContainsKey01" />
    </UnitTest>
    <UnitTest name="RemoveEdge01" storage="c:\combcell\googlecode\trunk\solutions\combcell\combcell.test\combcell.tests\bin\debug\combcell.tests.dll" id="4894d8a1-66fe-958e-d1be-64f3d004c46f">
      <Css projectStructure="" iteration="" />
      <Owners>
        <Owner name="" />
      </Owners>
      <Execution id="74682738-eb49-4952-a96d-06bd83b887ce" />
      <TestMethod codeBase="C:\combcell\googlecode\trunk\Solutions\CombCell\CombCell.Test\CombCell.Tests\bin\Debug\CombCell.Tests.dll" adapterTypeName="Microsoft.VisualStudio.TestTools.TestTypes.Unit.UnitTestAdapter, Microsoft.VisualStudio.QualityTools.Tips.UnitTest.Adapter, Version=9.0.0.0, Culture=neutral, PublicKeyToken=b03f5f7f11d50a3a" className="CombCell.DSAlgo.GraphTTest, CombCell.Tests" name="RemoveEdge01" />
    </UnitTest>
    <UnitTest name="ToString01" storage="c:\combcell\googlecode\trunk\solutions\combcell\combcell.dsalgo\combcell.dsalgo.tests\bin\debug\combcell.dsalgo.tests.dll" id="3cf64920-97f7-ca4d-0c45-dfc6cfb3426f">
      <Css projectStructure="" iteration="" />
      <Owners>
        <Owner name="" />
      </Owners>
      <Execution id="4b6a80ea-b29d-46f7-b207-d6f53e495d66" />
      <TestMethod codeBase="C:\combcell\googlecode\trunk\Solutions\CombCell\CombCell.DSAlgo\CombCell.DSAlgo.Tests\bin\Debug\CombCell.DSAlgo.Tests.dll" adapterTypeName="Microsoft.VisualStudio.TestTools.TestTypes.Unit.UnitTestAdapter, Microsoft.VisualStudio.QualityTools.Tips.UnitTest.Adapter, Version=9.0.0.0, Culture=neutral, PublicKeyToken=b03f5f7f11d50a3a" className="CombCell.DSAlgo.VertexTTest, CombCell.DSAlgo.Tests" name="ToString01" />
    </UnitTest>
    <UnitTest name="CanCalcGet01" storage="c:\combcell\googlecode\trunk\solutions\combcell\combcell.dsalgo\combcell.dsalgo.tests\bin\debug\combcell.dsalgo.tests.dll" id="65bee330-664e-c5a2-ddf2-b22c20bc5770">
      <Css projectStructure="" iteration="" />
      <Owners>
        <Owner name="" />
      </Owners>
      <Execution id="5d3cde45-706a-4354-8d2e-fb515c11c6ae" />
      <TestMethod codeBase="C:\combcell\googlecode\trunk\Solutions\CombCell\CombCell.DSAlgo\CombCell.DSAlgo.Tests\bin\Debug\CombCell.DSAlgo.Tests.dll" adapterTypeName="Microsoft.VisualStudio.TestTools.TestTypes.Unit.UnitTestAdapter, Microsoft.VisualStudio.QualityTools.Tips.UnitTest.Adapter, Version=9.0.0.0, Culture=neutral, PublicKeyToken=b03f5f7f11d50a3a" className="CombCell.DSAlgo.SnakeTTest, CombCell.DSAlgo.Tests" name="CanCalcGet01" />
    </UnitTest>
    <UnitTest name="ItemGet06" storage="c:\combcell\googlecode\trunk\solutions\combcell\combcell.test\combcell.tests\bin\debug\combcell.tests.dll" id="cca52ab5-5931-535e-8c89-e5ff6f89aa6c">
      <Css projectStructure="" iteration="" />
      <Owners>
        <Owner name="" />
      </Owners>
      <Execution id="db489c20-e43a-4446-b5c5-bfa6fcd22497" />
      <TestMethod codeBase="C:\combcell\googlecode\trunk\Solutions\CombCell\CombCell.Test\CombCell.Tests\bin\Debug\CombCell.Tests.dll" adapterTypeName="Microsoft.VisualStudio.TestTools.TestTypes.Unit.UnitTestAdapter, Microsoft.VisualStudio.QualityTools.Tips.UnitTest.Adapter, Version=9.0.0.0, Culture=neutral, PublicKeyToken=b03f5f7f11d50a3a" className="CombCell.CombTest, CombCell.Tests" name="ItemGet06" />
    </UnitTest>
    <UnitTest name="XCountGet02" storage="c:\combcell\googlecode\trunk\solutions\combcell\combcell.test\combcell.tests\bin\debug\combcell.tests.dll" id="fa03578d-03e6-d65c-3097-cd6b56b06c33">
      <Css projectStructure="" iteration="" />
      <Owners>
        <Owner name="" />
      </Owners>
      <Execution id="9a7c7f9e-2742-41d4-a64b-44937fb03cf1" />
      <TestMethod codeBase="C:\combcell\googlecode\trunk\Solutions\CombCell\CombCell.Test\CombCell.Tests\bin\Debug\CombCell.Tests.dll" adapterTypeName="Microsoft.VisualStudio.TestTools.TestTypes.Unit.UnitTestAdapter, Microsoft.VisualStudio.QualityTools.Tips.UnitTest.Adapter, Version=9.0.0.0, Culture=neutral, PublicKeyToken=b03f5f7f11d50a3a" className="CombCell.ArrangerTest, CombCell.Tests" name="XCountGet02" />
    </UnitTest>
    <UnitTest name="EnsureCells17" storage="c:\combcell\googlecode\trunk\solutions\combcell\combcell.test\combcell.tests\bin\debug\combcell.tests.dll" id="983dfc42-61d5-c03d-8422-81421c615026">
      <Css projectStructure="" iteration="" />
      <Owners>
        <Owner name="" />
      </Owners>
      <Execution id="c9c040ee-9f09-4793-a079-6dd2a829074a" />
      <TestMethod codeBase="C:\combcell\googlecode\trunk\Solutions\CombCell\CombCell.Test\CombCell.Tests\bin\Debug\CombCell.Tests.dll" adapterTypeName="Microsoft.VisualStudio.TestTools.TestTypes.Unit.UnitTestAdapter, Microsoft.VisualStudio.QualityTools.Tips.UnitTest.Adapter, Version=9.0.0.0, Culture=neutral, PublicKeyToken=b03f5f7f11d50a3a" className="CombCell.CombTest, CombCell.Tests" name="EnsureCells17" />
    </UnitTest>
    <UnitTest name="HasNextPermutation0104" storage="c:\combcell\googlecode\trunk\solutions\combcell\combcell.dsalgo\combcell.dsalgo.tests\bin\debug\combcell.dsalgo.tests.dll" id="ec0fcedf-dc05-5719-081f-2c8b21f136ae">
      <Css projectStructure="" iteration="" />
      <Owners>
        <Owner name="" />
      </Owners>
      <Execution id="5a4b9106-515b-4810-81f0-8acf35261b90" />
      <TestMethod codeBase="C:\combcell\googlecode\trunk\Solutions\CombCell\CombCell.DSAlgo\CombCell.DSAlgo.Tests\bin\Debug\CombCell.DSAlgo.Tests.dll" adapterTypeName="Microsoft.VisualStudio.TestTools.TestTypes.Unit.UnitTestAdapter, Microsoft.VisualStudio.QualityTools.Tips.UnitTest.Adapter, Version=9.0.0.0, Culture=neutral, PublicKeyToken=b03f5f7f11d50a3a" className="CombCell.DSAlgo.HamiltonSlowTTest, CombCell.DSAlgo.Tests" name="HasNextPermutation0104" />
    </UnitTest>
    <UnitTest name="NextPermutation01" storage="c:\combcell\googlecode\trunk\solutions\combcell\combcell.dsalgo\combcell.dsalgo.tests\bin\debug\combcell.dsalgo.tests.dll" id="c86abffc-7399-6cd7-e85c-a37c80ac35d3">
      <Css projectStructure="" iteration="" />
      <Owners>
        <Owner name="" />
      </Owners>
      <Execution id="57a48746-7819-43dc-988c-67ce6c2e5de2" />
      <TestMethod codeBase="C:\combcell\googlecode\trunk\Solutions\CombCell\CombCell.DSAlgo\CombCell.DSAlgo.Tests\bin\Debug\CombCell.DSAlgo.Tests.dll" adapterTypeName="Microsoft.VisualStudio.TestTools.TestTypes.Unit.UnitTestAdapter, Microsoft.VisualStudio.QualityTools.Tips.UnitTest.Adapter, Version=9.0.0.0, Culture=neutral, PublicKeyToken=b03f5f7f11d50a3a" className="CombCell.DSAlgo.HamiltonSlowTTest, CombCell.DSAlgo.Tests" name="NextPermutation01" />
    </UnitTest>
    <UnitTest name="BrushGetSet01" storage="c:\combcell\googlecode\trunk\solutions\combcell\combcell.test\combcell.tests\bin\debug\combcell.tests.dll" id="bb710dc3-32f5-e10b-4c7e-3da30badba77">
      <Css projectStructure="" iteration="" />
      <Owners>
        <Owner name="" />
      </Owners>
      <Execution id="6d0636b7-9c99-4ab6-9eb4-a72dcd8831f5" />
      <TestMethod codeBase="C:\combcell\googlecode\trunk\Solutions\CombCell\CombCell.Test\CombCell.Tests\bin\Debug\CombCell.Tests.dll" adapterTypeName="Microsoft.VisualStudio.TestTools.TestTypes.Unit.UnitTestAdapter, Microsoft.VisualStudio.QualityTools.Tips.UnitTest.Adapter, Version=9.0.0.0, Culture=neutral, PublicKeyToken=b03f5f7f11d50a3a" className="CombCell.SchemeTest, CombCell.Tests" name="BrushGetSet01" />
    </UnitTest>
    <UnitTest name="Block02" storage="c:\combcell\googlecode\trunk\solutions\combcell\combcell.test\combcell.tests\bin\debug\combcell.tests.dll" id="69fded50-9504-c4af-9b01-d0d8195a3603">
      <Css projectStructure="" iteration="" />
      <Owners>
        <Owner name="" />
      </Owners>
      <Execution id="f1525fc9-bbd1-4d02-b895-02782343c89d" />
      <TestMethod codeBase="C:\combcell\googlecode\trunk\Solutions\CombCell\CombCell.Test\CombCell.Tests\bin\Debug\CombCell.Tests.dll" adapterTypeName="Microsoft.VisualStudio.TestTools.TestTypes.Unit.UnitTestAdapter, Microsoft.VisualStudio.QualityTools.Tips.UnitTest.Adapter, Version=9.0.0.0, Culture=neutral, PublicKeyToken=b03f5f7f11d50a3a" className="CombCell.CombTest, CombCell.Tests" name="Block02" />
    </UnitTest>
    <UnitTest name="ToString01" storage="c:\combcell\googlecode\trunk\solutions\combcell\combcell.test\combcell.tests\bin\debug\combcell.tests.dll" id="8af81516-e8e3-c5f2-78cc-286529d532fe">
      <Css projectStructure="" iteration="" />
      <Owners>
        <Owner name="" />
      </Owners>
      <Execution id="871d4998-38d7-4d9c-9368-6a9335e8a2fe" />
      <TestMethod codeBase="C:\combcell\googlecode\trunk\Solutions\CombCell\CombCell.Test\CombCell.Tests\bin\Debug\CombCell.Tests.dll" adapterTypeName="Microsoft.VisualStudio.TestTools.TestTypes.Unit.UnitTestAdapter, Microsoft.VisualStudio.QualityTools.Tips.UnitTest.Adapter, Version=9.0.0.0, Culture=neutral, PublicKeyToken=b03f5f7f11d50a3a" className="CombCell.AlgoShowerTest, CombCell.Tests" name="ToString01" />
    </UnitTest>
    <UnitTest name="PositionGetSet02" storage="c:\combcell\googlecode\trunk\solutions\combcell\combcell.test\combcell.tests\bin\debug\combcell.tests.dll" id="6e400f40-95d1-b9ab-f613-9e5cc674d8c0">
      <Css projectStructure="" iteration="" />
      <Owners>
        <Owner name="" />
      </Owners>
      <Execution id="141b6bb1-6f3e-42d9-a513-5afc0f79cbcf" />
      <TestMethod codeBase="C:\combcell\googlecode\trunk\Solutions\CombCell\CombCell.Test\CombCell.Tests\bin\Debug\CombCell.Tests.dll" adapterTypeName="Microsoft.VisualStudio.TestTools.TestTypes.Unit.UnitTestAdapter, Microsoft.VisualStudio.QualityTools.Tips.UnitTest.Adapter, Version=9.0.0.0, Culture=neutral, PublicKeyToken=b03f5f7f11d50a3a" className="CombCell.CellTest, CombCell.Tests" name="PositionGetSet02" />
    </UnitTest>
    <UnitTest name="Calc00102" storage="c:\combcell\googlecode\trunk\solutions\combcell\combcell.test\combcell.tests\bin\debug\combcell.tests.dll" id="6c4688b5-272f-39b7-36bc-9fdb5306047c">
      <Css projectStructure="" iteration="" />
      <Owners>
        <Owner name="" />
      </Owners>
      <Execution id="6a149f73-dc27-4cdc-855c-6d265ceb347e" />
      <TestMethod codeBase="C:\combcell\googlecode\trunk\Solutions\CombCell\CombCell.Test\CombCell.Tests\bin\Debug\CombCell.Tests.dll" adapterTypeName="Microsoft.VisualStudio.TestTools.TestTypes.Unit.UnitTestAdapter, Microsoft.VisualStudio.QualityTools.Tips.UnitTest.Adapter, Version=9.0.0.0, Culture=neutral, PublicKeyToken=b03f5f7f11d50a3a" className="CombCell.DSAlgo.SingleSourceTTest, CombCell.Tests" name="Calc00102" />
    </UnitTest>
    <UnitTest name="CreateCellShape01" storage="c:\combcell\googlecode\trunk\solutions\combcell\combcell.test\combcell.tests\bin\debug\combcell.tests.dll" id="680b549f-9fcc-e693-0a82-86f7c302a11f">
      <Css projectStructure="" iteration="" />
      <Owners>
        <Owner name="" />
      </Owners>
      <Execution id="cc95bc6a-156f-4e90-b567-b6124b3f52d4" />
      <TestMethod codeBase="C:\combcell\googlecode\trunk\Solutions\CombCell\CombCell.Test\CombCell.Tests\bin\Debug\CombCell.Tests.dll" adapterTypeName="Microsoft.VisualStudio.TestTools.TestTypes.Unit.UnitTestAdapter, Microsoft.VisualStudio.QualityTools.Tips.UnitTest.Adapter, Version=9.0.0.0, Culture=neutral, PublicKeyToken=b03f5f7f11d50a3a" className="CombCell.ArrangerTest, CombCell.Tests" name="CreateCellShape01" />
    </UnitTest>
    <UnitTest name="CreateEdge02" storage="c:\combcell\googlecode\trunk\solutions\combcell\combcell.test\combcell.tests\bin\debug\combcell.tests.dll" id="16c413e4-6cf6-69ac-4bbc-7b58244848ad">
      <Css projectStructure="" iteration="" />
      <Owners>
        <Owner name="" />
      </Owners>
      <Execution id="62605a7f-afcc-4e79-8821-3e09a729803f" />
      <TestMethod codeBase="C:\combcell\googlecode\trunk\Solutions\CombCell\CombCell.Test\CombCell.Tests\bin\Debug\CombCell.Tests.dll" adapterTypeName="Microsoft.VisualStudio.TestTools.TestTypes.Unit.UnitTestAdapter, Microsoft.VisualStudio.QualityTools.Tips.UnitTest.Adapter, Version=9.0.0.0, Culture=neutral, PublicKeyToken=b03f5f7f11d50a3a" className="CombCell.DSAlgo.GraphTTest, CombCell.Tests" name="CreateEdge02" />
    </UnitTest>
    <UnitTest name="CreateCellShape01" storage="c:\combcell\googlecode\trunk\solutions\combcell\combcell.test\combcell.tests\bin\debug\combcell.tests.dll" id="113e883b-d1a6-a4bf-5e8c-77fa246d2599">
      <Css projectStructure="" iteration="" />
      <Owners>
        <Owner name="" />
      </Owners>
      <Execution id="d2b6ffc5-fff8-4aa7-bb70-c6183d2975fc" />
      <TestMethod codeBase="C:\combcell\googlecode\trunk\Solutions\CombCell\CombCell.Test\CombCell.Tests\bin\Debug\CombCell.Tests.dll" adapterTypeName="Microsoft.VisualStudio.TestTools.TestTypes.Unit.UnitTestAdapter, Microsoft.VisualStudio.QualityTools.Tips.UnitTest.Adapter, Version=9.0.0.0, Culture=neutral, PublicKeyToken=b03f5f7f11d50a3a" className="CombCell.TriArrangerTest, CombCell.Tests" name="CreateCellShape01" />
    </UnitTest>
    <UnitTest name="CalcFc0102" storage="c:\combcell\googlecode\trunk\solutions\combcell\combcell.dsalgo\combcell.dsalgo.tests\bin\debug\combcell.dsalgo.tests.dll" id="9a3bd731-cd4c-7007-16f4-cf08fb979606">
      <Css projectStructure="" iteration="" />
      <Owners>
        <Owner name="" />
      </Owners>
      <Execution id="c24e2627-b5f8-4329-bdf0-7a6da1fb614c" />
      <TestMethod codeBase="C:\combcell\googlecode\trunk\Solutions\CombCell\CombCell.DSAlgo\CombCell.DSAlgo.Tests\bin\Debug\CombCell.DSAlgo.Tests.dll" adapterTypeName="Microsoft.VisualStudio.TestTools.TestTypes.Unit.UnitTestAdapter, Microsoft.VisualStudio.QualityTools.Tips.UnitTest.Adapter, Version=9.0.0.0, Culture=neutral, PublicKeyToken=b03f5f7f11d50a3a" className="CombCell.DSAlgo.HamiltonTTest, CombCell.DSAlgo.Tests" name="CalcFc0102" />
    </UnitTest>
    <UnitTest name="CrossVertexesGetSet01" storage="c:\combcell\googlecode\trunk\solutions\combcell\combcell.dsalgo\combcell.dsalgo.tests\bin\debug\combcell.dsalgo.tests.dll" id="c56f1c57-2c37-76cb-f328-8ecdd0accf6c">
      <Css projectStructure="" iteration="" />
      <Owners>
        <Owner name="" />
      </Owners>
      <Execution id="909324f9-d9d2-4e27-99d6-7a777991022a" />
      <TestMethod codeBase="C:\combcell\googlecode\trunk\Solutions\CombCell\CombCell.DSAlgo\CombCell.DSAlgo.Tests\bin\Debug\CombCell.DSAlgo.Tests.dll" adapterTypeName="Microsoft.VisualStudio.TestTools.TestTypes.Unit.UnitTestAdapter, Microsoft.VisualStudio.QualityTools.Tips.UnitTest.Adapter, Version=9.0.0.0, Culture=neutral, PublicKeyToken=b03f5f7f11d50a3a" className="CombCell.DSAlgo.GraphPathTTest, CombCell.DSAlgo.Tests" name="CrossVertexesGetSet01" />
    </UnitTest>
    <UnitTest name="NearBy01" storage="c:\combcell\googlecode\trunk\solutions\combcell\combcell.test\combcell.tests\bin\debug\combcell.tests.dll" id="5e24dcb8-cfa5-1979-a8dd-f40c357f6e5c">
      <Css projectStructure="" iteration="" />
      <Owners>
        <Owner name="" />
      </Owners>
      <Execution id="c7642bbe-c048-4252-8e61-f11cb36219c0" />
      <TestMethod codeBase="C:\combcell\googlecode\trunk\Solutions\CombCell\CombCell.Test\CombCell.Tests\bin\Debug\CombCell.Tests.dll" adapterTypeName="Microsoft.VisualStudio.TestTools.TestTypes.Unit.UnitTestAdapter, Microsoft.VisualStudio.QualityTools.Tips.UnitTest.Adapter, Version=9.0.0.0, Culture=neutral, PublicKeyToken=b03f5f7f11d50a3a" className="CombCell.TriArrangerTest, CombCell.Tests" name="NearBy01" />
    </UnitTest>
    <UnitTest name="HasNextPermutation0110" storage="c:\combcell\googlecode\trunk\solutions\combcell\combcell.dsalgo\combcell.dsalgo.tests\bin\debug\combcell.dsalgo.tests.dll" id="4a924ded-2e99-c70f-62a9-846c8a2521d9">
      <Css projectStructure="" iteration="" />
      <Owners>
        <Owner name="" />
      </Owners>
      <Execution id="091b0b98-1e15-44a8-83f2-8a01ad4e0d3c" />
      <TestMethod codeBase="C:\combcell\googlecode\trunk\Solutions\CombCell\CombCell.DSAlgo\CombCell.DSAlgo.Tests\bin\Debug\CombCell.DSAlgo.Tests.dll" adapterTypeName="Microsoft.VisualStudio.TestTools.TestTypes.Unit.UnitTestAdapter, Microsoft.VisualStudio.QualityTools.Tips.UnitTest.Adapter, Version=9.0.0.0, Culture=neutral, PublicKeyToken=b03f5f7f11d50a3a" className="CombCell.DSAlgo.HamiltonSlowTTest, CombCell.DSAlgo.Tests" name="HasNextPermutation0110" />
    </UnitTest>
    <UnitTest name="ItemGet04" storage="c:\combcell\googlecode\trunk\solutions\combcell\combcell.test\combcell.tests\bin\debug\combcell.tests.dll" id="47468ec4-14f7-65a5-e881-98413aab4d87">
      <Css projectStructure="" iteration="" />
      <Owners>
        <Owner name="" />
      </Owners>
      <Execution id="2bca0534-1c4f-44fe-a80e-02446e5d28c6" />
      <TestMethod codeBase="C:\combcell\googlecode\trunk\Solutions\CombCell\CombCell.Test\CombCell.Tests\bin\Debug\CombCell.Tests.dll" adapterTypeName="Microsoft.VisualStudio.TestTools.TestTypes.Unit.UnitTestAdapter, Microsoft.VisualStudio.QualityTools.Tips.UnitTest.Adapter, Version=9.0.0.0, Culture=neutral, PublicKeyToken=b03f5f7f11d50a3a" className="CombCell.CombTest, CombCell.Tests" name="ItemGet04" />
    </UnitTest>
    <UnitTest name="CreateEdge10" storage="c:\combcell\googlecode\trunk\solutions\combcell\combcell.test\combcell.tests\bin\debug\combcell.tests.dll" id="e2a689da-f77b-9668-cb2c-d751f44eaf70">
      <Css projectStructure="" iteration="" />
      <Owners>
        <Owner name="" />
      </Owners>
      <Execution id="2dc2597b-fcff-4be3-bd6e-eceebe1d9116" />
      <TestMethod codeBase="C:\combcell\googlecode\trunk\Solutions\CombCell\CombCell.Test\CombCell.Tests\bin\Debug\CombCell.Tests.dll" adapterTypeName="Microsoft.VisualStudio.TestTools.TestTypes.Unit.UnitTestAdapter, Microsoft.VisualStudio.QualityTools.Tips.UnitTest.Adapter, Version=9.0.0.0, Culture=neutral, PublicKeyToken=b03f5f7f11d50a3a" className="CombCell.DSAlgo.GraphTTest, CombCell.Tests" name="CreateEdge10" />
    </UnitTest>
    <UnitTest name="Constructor0101" storage="c:\combcell\googlecode\trunk\solutions\combcell\combcell.dsalgo\combcell.dsalgo.tests\bin\debug\combcell.dsalgo.tests.dll" id="36883267-02b2-daa5-ffeb-662961947880">
      <Css projectStructure="" iteration="" />
      <Owners>
        <Owner name="" />
      </Owners>
      <Execution id="f4cdd1c6-cf55-434d-bc41-67731394999e" />
      <TestMethod codeBase="C:\combcell\googlecode\trunk\Solutions\CombCell\CombCell.DSAlgo\CombCell.DSAlgo.Tests\bin\Debug\CombCell.DSAlgo.Tests.dll" adapterTypeName="Microsoft.VisualStudio.TestTools.TestTypes.Unit.UnitTestAdapter, Microsoft.VisualStudio.QualityTools.Tips.UnitTest.Adapter, Version=9.0.0.0, Culture=neutral, PublicKeyToken=b03f5f7f11d50a3a" className="CombCell.DSAlgo.PriorityQueueTItemTPriTest, CombCell.DSAlgo.Tests" name="Constructor0101" />
    </UnitTest>
    <UnitTest name="PenGetSet02" storage="c:\combcell\googlecode\trunk\solutions\combcell\combcell.test\combcell.tests\bin\debug\combcell.tests.dll" id="be6a7aa0-5b4a-0427-7d31-88f77049f3a6">
      <Css projectStructure="" iteration="" />
      <Owners>
        <Owner name="" />
      </Owners>
      <Execution id="c172661a-0926-46f5-ae2c-6e6789232ff0" />
      <TestMethod codeBase="C:\combcell\googlecode\trunk\Solutions\CombCell\CombCell.Test\CombCell.Tests\bin\Debug\CombCell.Tests.dll" adapterTypeName="Microsoft.VisualStudio.TestTools.TestTypes.Unit.UnitTestAdapter, Microsoft.VisualStudio.QualityTools.Tips.UnitTest.Adapter, Version=9.0.0.0, Culture=neutral, PublicKeyToken=b03f5f7f11d50a3a" className="CombCell.SchemeTest, CombCell.Tests" name="PenGetSet02" />
    </UnitTest>
    <UnitTest name="IndexGetSet02" storage="c:\combcell\googlecode\trunk\solutions\combcell\combcell.test\combcell.tests\bin\debug\combcell.tests.dll" id="b2987f7c-f7ae-181c-6d69-1c47a55a9565">
      <Css projectStructure="" iteration="" />
      <Owners>
        <Owner name="" />
      </Owners>
      <Execution id="98144e57-3953-42e2-af37-0b3b99bb40d4" />
      <TestMethod codeBase="C:\combcell\googlecode\trunk\Solutions\CombCell\CombCell.Test\CombCell.Tests\bin\Debug\CombCell.Tests.dll" adapterTypeName="Microsoft.VisualStudio.TestTools.TestTypes.Unit.UnitTestAdapter, Microsoft.VisualStudio.QualityTools.Tips.UnitTest.Adapter, Version=9.0.0.0, Culture=neutral, PublicKeyToken=b03f5f7f11d50a3a" className="CombCell.CellTest, CombCell.Tests" name="IndexGetSet02" />
    </UnitTest>
    <UnitTest name="CalcFc0101" storage="c:\combcell\googlecode\trunk\solutions\combcell\combcell.dsalgo\combcell.dsalgo.tests\bin\debug\combcell.dsalgo.tests.dll" id="792cb932-d133-2745-32ec-d89c5fa93cf8">
      <Css projectStructure="" iteration="" />
      <Owners>
        <Owner name="" />
      </Owners>
      <Execution id="6393e131-b513-4b33-8262-08beebd01af9" />
      <TestMethod codeBase="C:\combcell\googlecode\trunk\Solutions\CombCell\CombCell.DSAlgo\CombCell.DSAlgo.Tests\bin\Debug\CombCell.DSAlgo.Tests.dll" adapterTypeName="Microsoft.VisualStudio.TestTools.TestTypes.Unit.UnitTestAdapter, Microsoft.VisualStudio.QualityTools.Tips.UnitTest.Adapter, Version=9.0.0.0, Culture=neutral, PublicKeyToken=b03f5f7f11d50a3a" className="CombCell.DSAlgo.HamiltonSlowTTest, CombCell.DSAlgo.Tests" name="CalcFc0101" />
    </UnitTest>
    <UnitTest name="MarkIndex01" storage="c:\combcell\googlecode\trunk\solutions\combcell\combcell.test\combcell.tests\bin\debug\combcell.tests.dll" id="fa870c38-3123-165b-ad89-aa5ff99f5b91">
      <Css projectStructure="" iteration="" />
      <Owners>
        <Owner name="" />
      </Owners>
      <Execution id="55667f7f-1c6e-4b80-b976-ded309a9d0a0" />
      <TestMethod codeBase="C:\combcell\googlecode\trunk\Solutions\CombCell\CombCell.Test\CombCell.Tests\bin\Debug\CombCell.Tests.dll" adapterTypeName="Microsoft.VisualStudio.TestTools.TestTypes.Unit.UnitTestAdapter, Microsoft.VisualStudio.QualityTools.Tips.UnitTest.Adapter, Version=9.0.0.0, Culture=neutral, PublicKeyToken=b03f5f7f11d50a3a" className="CombCell.RectArrangerTest, CombCell.Tests" name="MarkIndex01" />
    </UnitTest>
    <UnitTest name="CopyTo01" storage="c:\combcell\googlecode\trunk\solutions\combcell\combcell.dsalgo\combcell.dsalgo.tests\bin\debug\combcell.dsalgo.tests.dll" id="7d08d66f-0211-9ff7-469f-1793e93f0258">
      <Css projectStructure="" iteration="" />
      <Owners>
        <Owner name="" />
      </Owners>
      <Execution id="74dec8ec-9d3c-4833-9c90-12dcc74ed0ac" />
      <TestMethod codeBase="C:\combcell\googlecode\trunk\Solutions\CombCell\CombCell.DSAlgo\CombCell.DSAlgo.Tests\bin\Debug\CombCell.DSAlgo.Tests.dll" adapterTypeName="Microsoft.VisualStudio.TestTools.TestTypes.Unit.UnitTestAdapter, Microsoft.VisualStudio.QualityTools.Tips.UnitTest.Adapter, Version=9.0.0.0, Culture=neutral, PublicKeyToken=b03f5f7f11d50a3a" className="CombCell.DSAlgo.PriorityQueueTItemTPriTest, CombCell.DSAlgo.Tests" name="CopyTo01" />
    </UnitTest>
    <UnitTest name="FromPointToPair03" storage="c:\combcell\googlecode\trunk\solutions\combcell\combcell.test\combcell.tests\bin\debug\combcell.tests.dll" id="7bcc289c-2c10-9c2f-eedf-b0e9baf7f317">
      <Css projectStructure="" iteration="" />
      <Owners>
        <Owner name="" />
      </Owners>
      <Execution id="8ef008bb-bed8-4e5b-be71-5e96c4265b03" />
      <TestMethod codeBase="C:\combcell\googlecode\trunk\Solutions\CombCell\CombCell.Test\CombCell.Tests\bin\Debug\CombCell.Tests.dll" adapterTypeName="Microsoft.VisualStudio.TestTools.TestTypes.Unit.UnitTestAdapter, Microsoft.VisualStudio.QualityTools.Tips.UnitTest.Adapter, Version=9.0.0.0, Culture=neutral, PublicKeyToken=b03f5f7f11d50a3a" className="CombCell.TriArrangerTest, CombCell.Tests" name="FromPointToPair03" />
    </UnitTest>
    <UnitTest name="HasNextPermutation10" storage="c:\combcell\googlecode\trunk\solutions\combcell\combcell.dsalgo\combcell.dsalgo.tests\bin\debug\combcell.dsalgo.tests.dll" id="719176bc-0d10-49a6-8b40-e13ba4e0abe4">
      <Css projectStructure="" iteration="" />
      <Owners>
        <Owner name="" />
      </Owners>
      <Execution id="fe497394-fa7f-4a6e-b8a4-c00855f28373" />
      <TestMethod codeBase="C:\combcell\googlecode\trunk\Solutions\CombCell\CombCell.DSAlgo\CombCell.DSAlgo.Tests\bin\Debug\CombCell.DSAlgo.Tests.dll" adapterTypeName="Microsoft.VisualStudio.TestTools.TestTypes.Unit.UnitTestAdapter, Microsoft.VisualStudio.QualityTools.Tips.UnitTest.Adapter, Version=9.0.0.0, Culture=neutral, PublicKeyToken=b03f5f7f11d50a3a" className="CombCell.DSAlgo.HamiltonSlowTTest, CombCell.DSAlgo.Tests" name="HasNextPermutation10" />
    </UnitTest>
    <UnitTest name="Constructor01" storage="c:\combcell\googlecode\trunk\solutions\combcell\combcell.dsalgo\combcell.dsalgo.tests\bin\debug\combcell.dsalgo.tests.dll" id="72f41e46-5541-1538-84c9-11e7f81c8af7">
      <Css projectStructure="" iteration="" />
      <Owners>
        <Owner name="" />
      </Owners>
      <Execution id="86d45e14-42fb-44d0-baf8-59ee7bf62576" />
      <TestMethod codeBase="C:\combcell\googlecode\trunk\Solutions\CombCell\CombCell.DSAlgo\CombCell.DSAlgo.Tests\bin\Debug\CombCell.DSAlgo.Tests.dll" adapterTypeName="Microsoft.VisualStudio.TestTools.TestTypes.Unit.UnitTestAdapter, Microsoft.VisualStudio.QualityTools.Tips.UnitTest.Adapter, Version=9.0.0.0, Culture=neutral, PublicKeyToken=b03f5f7f11d50a3a" className="CombCell.DSAlgo.VertexTTest, CombCell.DSAlgo.Tests" name="Constructor01" />
    </UnitTest>
    <UnitTest name="Pop01" storage="c:\combcell\googlecode\trunk\solutions\combcell\combcell.dsalgo\combcell.dsalgo.tests\bin\debug\combcell.dsalgo.tests.dll" id="5f2cb960-960f-f75f-2302-342bfc059245">
      <Css projectStructure="" iteration="" />
      <Owners>
        <Owner name="" />
      </Owners>
      <Execution id="e4868b6d-7e0d-4eae-b0d5-be0a91167887" />
      <TestMethod codeBase="C:\combcell\googlecode\trunk\Solutions\CombCell\CombCell.DSAlgo\CombCell.DSAlgo.Tests\bin\Debug\CombCell.DSAlgo.Tests.dll" adapterTypeName="Microsoft.VisualStudio.TestTools.TestTypes.Unit.UnitTestAdapter, Microsoft.VisualStudio.QualityTools.Tips.UnitTest.Adapter, Version=9.0.0.0, Culture=neutral, PublicKeyToken=b03f5f7f11d50a3a" className="CombCell.DSAlgo.PriorityQueueTItemTPriTest, CombCell.DSAlgo.Tests" name="Pop01" />
    </UnitTest>
    <UnitTest name="CombGetSet06" storage="c:\combcell\googlecode\trunk\solutions\combcell\combcell.test\combcell.tests\bin\debug\combcell.tests.dll" id="4bb78a3b-1d0b-a219-2016-dd49e87c6d93">
      <Css projectStructure="" iteration="" />
      <Owners>
        <Owner name="" />
      </Owners>
      <Execution id="987656d5-9b8d-40f2-99a0-88fa2f37993f" />
      <TestMethod codeBase="C:\combcell\googlecode\trunk\Solutions\CombCell\CombCell.Test\CombCell.Tests\bin\Debug\CombCell.Tests.dll" adapterTypeName="Microsoft.VisualStudio.TestTools.TestTypes.Unit.UnitTestAdapter, Microsoft.VisualStudio.QualityTools.Tips.UnitTest.Adapter, Version=9.0.0.0, Culture=neutral, PublicKeyToken=b03f5f7f11d50a3a" className="CombCell.ArrangerTest, CombCell.Tests" name="CombGetSet06" />
    </UnitTest>
    <UnitTest name="Contains01" storage="c:\combcell\googlecode\trunk\solutions\combcell\combcell.dsalgo\combcell.dsalgo.tests\bin\debug\combcell.dsalgo.tests.dll" id="470cc018-5e5f-e99d-b0c4-01c2a825b12f">
      <Css projectStructure="" iteration="" />
      <Owners>
        <Owner name="" />
      </Owners>
      <Execution id="5c7c8743-b007-4e70-8d3c-42cdc04807fb" />
      <TestMethod codeBase="C:\combcell\googlecode\trunk\Solutions\CombCell\CombCell.DSAlgo\CombCell.DSAlgo.Tests\bin\Debug\CombCell.DSAlgo.Tests.dll" adapterTypeName="Microsoft.VisualStudio.TestTools.TestTypes.Unit.UnitTestAdapter, Microsoft.VisualStudio.QualityTools.Tips.UnitTest.Adapter, Version=9.0.0.0, Culture=neutral, PublicKeyToken=b03f5f7f11d50a3a" className="CombCell.DSAlgo.PriorityQueueTItemTPriTest, CombCell.DSAlgo.Tests" name="Contains01" />
    </UnitTest>
    <UnitTest name="HasNextPermutation0107" storage="c:\combcell\googlecode\trunk\solutions\combcell\combcell.dsalgo\combcell.dsalgo.tests\bin\debug\combcell.dsalgo.tests.dll" id="5fabf2bf-c921-e5e4-1eea-cc83e2616f7d">
      <Css projectStructure="" iteration="" />
      <Owners>
        <Owner name="" />
      </Owners>
      <Execution id="295c94e7-102c-46f1-83e8-fb9c886837ae" />
      <TestMethod codeBase="C:\combcell\googlecode\trunk\Solutions\CombCell\CombCell.DSAlgo\CombCell.DSAlgo.Tests\bin\Debug\CombCell.DSAlgo.Tests.dll" adapterTypeName="Microsoft.VisualStudio.TestTools.TestTypes.Unit.UnitTestAdapter, Microsoft.VisualStudio.QualityTools.Tips.UnitTest.Adapter, Version=9.0.0.0, Culture=neutral, PublicKeyToken=b03f5f7f11d50a3a" className="CombCell.DSAlgo.HamiltonSlowTTest, CombCell.DSAlgo.Tests" name="HasNextPermutation0107" />
    </UnitTest>
    <UnitTest name="CreateEdge03" storage="c:\combcell\googlecode\trunk\solutions\combcell\combcell.test\combcell.tests\bin\debug\combcell.tests.dll" id="0d46ec70-2933-201f-bd26-772150c44ed9">
      <Css projectStructure="" iteration="" />
      <Owners>
        <Owner name="" />
      </Owners>
      <Execution id="ee9da032-447c-4060-8ef8-2b2851478ebe" />
      <TestMethod codeBase="C:\combcell\googlecode\trunk\Solutions\CombCell\CombCell.Test\CombCell.Tests\bin\Debug\CombCell.Tests.dll" adapterTypeName="Microsoft.VisualStudio.TestTools.TestTypes.Unit.UnitTestAdapter, Microsoft.VisualStudio.QualityTools.Tips.UnitTest.Adapter, Version=9.0.0.0, Culture=neutral, PublicKeyToken=b03f5f7f11d50a3a" className="CombCell.DSAlgo.GraphTTest, CombCell.Tests" name="CreateEdge03" />
    </UnitTest>
    <UnitTest name="NearBy02" storage="c:\combcell\googlecode\trunk\solutions\combcell\combcell.test\combcell.tests\bin\debug\combcell.tests.dll" id="32e1fcda-42d0-2612-1467-3e04abc52856">
      <Css projectStructure="" iteration="" />
      <Owners>
        <Owner name="" />
      </Owners>
      <Execution id="c0945d50-53ca-4ac9-8eef-1b50eb658da7" />
      <TestMethod codeBase="C:\combcell\googlecode\trunk\Solutions\CombCell\CombCell.Test\CombCell.Tests\bin\Debug\CombCell.Tests.dll" adapterTypeName="Microsoft.VisualStudio.TestTools.TestTypes.Unit.UnitTestAdapter, Microsoft.VisualStudio.QualityTools.Tips.UnitTest.Adapter, Version=9.0.0.0, Culture=neutral, PublicKeyToken=b03f5f7f11d50a3a" className="CombCell.HexArrangerTest, CombCell.Tests" name="NearBy02" />
    </UnitTest>
    <UnitTest name="PassedCountGet01" storage="c:\combcell\googlecode\trunk\solutions\combcell\combcell.dsalgo\combcell.dsalgo.tests\bin\debug\combcell.dsalgo.tests.dll" id="8db36798-cd51-c563-fa96-614050b508d8">
      <Css projectStructure="" iteration="" />
      <Owners>
        <Owner name="" />
      </Owners>
      <Execution id="19af230d-26b1-4619-9f38-062918118768" />
      <TestMethod codeBase="C:\combcell\googlecode\trunk\Solutions\CombCell\CombCell.DSAlgo\CombCell.DSAlgo.Tests\bin\Debug\CombCell.DSAlgo.Tests.dll" adapterTypeName="Microsoft.VisualStudio.TestTools.TestTypes.Unit.UnitTestAdapter, Microsoft.VisualStudio.QualityTools.Tips.UnitTest.Adapter, Version=9.0.0.0, Culture=neutral, PublicKeyToken=b03f5f7f11d50a3a" className="CombCell.DSAlgo.GraphPathTTest, CombCell.DSAlgo.Tests" name="PassedCountGet01" />
    </UnitTest>
    <UnitTest name="ClearAccessed01" storage="c:\combcell\googlecode\trunk\solutions\combcell\combcell.test\combcell.tests\bin\debug\combcell.tests.dll" id="467b8a46-c8bf-cde0-48f8-c059f5de439c">
      <Css projectStructure="" iteration="" />
      <Owners>
        <Owner name="" />
      </Owners>
      <Execution id="b11add4f-9c35-456e-a033-bcb91bca7f10" />
      <TestMethod codeBase="C:\combcell\googlecode\trunk\Solutions\CombCell\CombCell.Test\CombCell.Tests\bin\Debug\CombCell.Tests.dll" adapterTypeName="Microsoft.VisualStudio.TestTools.TestTypes.Unit.UnitTestAdapter, Microsoft.VisualStudio.QualityTools.Tips.UnitTest.Adapter, Version=9.0.0.0, Culture=neutral, PublicKeyToken=b03f5f7f11d50a3a" className="CombCell.DSAlgo.GraphTTest, CombCell.Tests" name="ClearAccessed01" />
    </UnitTest>
    <UnitTest name="RemoveVertexFc0101" storage="c:\combcell\googlecode\trunk\solutions\combcell\combcell.dsalgo\combcell.dsalgo.tests\bin\debug\combcell.dsalgo.tests.dll" id="6d29b753-3336-0288-a2fa-834c2b882cbe">
      <Css projectStructure="" iteration="" />
      <Owners>
        <Owner name="" />
      </Owners>
      <Execution id="3f8ff7e0-2d76-4a7b-a116-f2c24c7d438f" />
      <TestMethod codeBase="C:\combcell\googlecode\trunk\Solutions\CombCell\CombCell.DSAlgo\CombCell.DSAlgo.Tests\bin\Debug\CombCell.DSAlgo.Tests.dll" adapterTypeName="Microsoft.VisualStudio.TestTools.TestTypes.Unit.UnitTestAdapter, Microsoft.VisualStudio.QualityTools.Tips.UnitTest.Adapter, Version=9.0.0.0, Culture=neutral, PublicKeyToken=b03f5f7f11d50a3a" className="CombCell.DSAlgo.GraphTTest, CombCell.DSAlgo.Tests" name="RemoveVertexFc0101" />
    </UnitTest>
    <UnitTest name="CreateVertex01" storage="c:\combcell\googlecode\trunk\solutions\combcell\combcell.test\combcell.tests\bin\debug\combcell.tests.dll" id="6f63693d-f377-5f11-fb75-4d680cff50c6">
      <Css projectStructure="" iteration="" />
      <Owners>
        <Owner name="" />
      </Owners>
      <Execution id="89f94acd-77b5-46e0-9362-e505da20cb7d" />
      <TestMethod codeBase="C:\combcell\googlecode\trunk\Solutions\CombCell\CombCell.Test\CombCell.Tests\bin\Debug\CombCell.Tests.dll" adapterTypeName="Microsoft.VisualStudio.TestTools.TestTypes.Unit.UnitTestAdapter, Microsoft.VisualStudio.QualityTools.Tips.UnitTest.Adapter, Version=9.0.0.0, Culture=neutral, PublicKeyToken=b03f5f7f11d50a3a" className="CombCell.DSAlgo.GraphTTest, CombCell.Tests" name="CreateVertex01" />
    </UnitTest>
    <UnitTest name="ItemGetSet01" storage="c:\combcell\googlecode\trunk\solutions\combcell\combcell.dsalgo\combcell.dsalgo.tests\bin\debug\combcell.dsalgo.tests.dll" id="b60c443b-27a9-92b5-97f6-ea8d091f97b0">
      <Css projectStructure="" iteration="" />
      <Owners>
        <Owner name="" />
      </Owners>
      <Execution id="e5b37efd-74a0-4fbd-81a0-dfccfca6769c" />
      <TestMethod codeBase="C:\combcell\googlecode\trunk\Solutions\CombCell\CombCell.DSAlgo\CombCell.DSAlgo.Tests\bin\Debug\CombCell.DSAlgo.Tests.dll" adapterTypeName="Microsoft.VisualStudio.TestTools.TestTypes.Unit.UnitTestAdapter, Microsoft.VisualStudio.QualityTools.Tips.UnitTest.Adapter, Version=9.0.0.0, Culture=neutral, PublicKeyToken=b03f5f7f11d50a3a" className="CombCell.DSAlgo.PriorityQueueTItemTPriTest, CombCell.DSAlgo.Tests" name="ItemGetSet01" />
    </UnitTest>
    <UnitTest name="HasNextPermutation11" storage="c:\combcell\googlecode\trunk\solutions\combcell\combcell.dsalgo\combcell.dsalgo.tests\bin\debug\combcell.dsalgo.tests.dll" id="77fd1ea1-2114-1169-30fc-fa783ed374cc">
      <Css projectStructure="" iteration="" />
      <Owners>
        <Owner name="" />
      </Owners>
      <Execution id="8b8fc4e7-a185-465d-946a-5ccca4e34eea" />
      <TestMethod codeBase="C:\combcell\googlecode\trunk\Solutions\CombCell\CombCell.DSAlgo\CombCell.DSAlgo.Tests\bin\Debug\CombCell.DSAlgo.Tests.dll" adapterTypeName="Microsoft.VisualStudio.TestTools.TestTypes.Unit.UnitTestAdapter, Microsoft.VisualStudio.QualityTools.Tips.UnitTest.Adapter, Version=9.0.0.0, Culture=neutral, PublicKeyToken=b03f5f7f11d50a3a" className="CombCell.DSAlgo.HamiltonSlowTTest, CombCell.DSAlgo.Tests" name="HasNextPermutation11" />
    </UnitTest>
    <UnitTest name="Calc01" storage="c:\combcell\googlecode\trunk\solutions\combcell\combcell.dsalgo\combcell.dsalgo.tests\bin\debug\combcell.dsalgo.tests.dll" id="10e8fae8-812e-cbf5-20a7-d0d2b4369324">
      <Css projectStructure="" iteration="" />
      <Owners>
        <Owner name="" />
      </Owners>
      <Execution id="cce6359d-13ca-4730-af51-71bbaa19f68d" />
      <TestMethod codeBase="C:\combcell\googlecode\trunk\Solutions\CombCell\CombCell.DSAlgo\CombCell.DSAlgo.Tests\bin\Debug\CombCell.DSAlgo.Tests.dll" adapterTypeName="Microsoft.VisualStudio.TestTools.TestTypes.Unit.UnitTestAdapter, Microsoft.VisualStudio.QualityTools.Tips.UnitTest.Adapter, Version=9.0.0.0, Culture=neutral, PublicKeyToken=b03f5f7f11d50a3a" className="CombCell.DSAlgo.SnakeTTest, CombCell.DSAlgo.Tests" name="Calc01" />
    </UnitTest>
    <UnitTest name="FromPointToPair01" storage="c:\combcell\googlecode\trunk\solutions\combcell\combcell.test\combcell.tests\bin\debug\combcell.tests.dll" id="a0acb3cf-c397-833e-ee72-2fa7c3f36c33">
      <Css projectStructure="" iteration="" />
      <Owners>
        <Owner name="" />
      </Owners>
      <Execution id="73a5390b-d1d1-4831-98e4-803b2517f4fc" />
      <TestMethod codeBase="C:\combcell\googlecode\trunk\Solutions\CombCell\CombCell.Test\CombCell.Tests\bin\Debug\CombCell.Tests.dll" adapterTypeName="Microsoft.VisualStudio.TestTools.TestTypes.Unit.UnitTestAdapter, Microsoft.VisualStudio.QualityTools.Tips.UnitTest.Adapter, Version=9.0.0.0, Culture=neutral, PublicKeyToken=b03f5f7f11d50a3a" className="CombCell.HexArrangerTest, CombCell.Tests" name="FromPointToPair01" />
    </UnitTest>
    <UnitTest name="Unblock02" storage="c:\combcell\googlecode\trunk\solutions\combcell\combcell.test\combcell.tests\bin\debug\combcell.tests.dll" id="144d230e-acf8-435d-5608-7a9f9d08c344">
      <Css projectStructure="" iteration="" />
      <Owners>
        <Owner name="" />
      </Owners>
      <Execution id="ec5d66ed-3d3b-4ebb-a744-301414519525" />
      <TestMethod codeBase="C:\combcell\googlecode\trunk\Solutions\CombCell\CombCell.Test\CombCell.Tests\bin\Debug\CombCell.Tests.dll" adapterTypeName="Microsoft.VisualStudio.TestTools.TestTypes.Unit.UnitTestAdapter, Microsoft.VisualStudio.QualityTools.Tips.UnitTest.Adapter, Version=9.0.0.0, Culture=neutral, PublicKeyToken=b03f5f7f11d50a3a" className="CombCell.CombTest, CombCell.Tests" name="Unblock02" />
    </UnitTest>
    <UnitTest name="Add02" storage="c:\combcell\googlecode\trunk\solutions\combcell\combcell.test\combcell.tests\bin\debug\combcell.tests.dll" id="c198d6fb-3a29-cf57-09f4-221e7e5f55d5">
      <Css projectStructure="" iteration="" />
      <Owners>
        <Owner name="" />
      </Owners>
      <Execution id="65731a0e-9b1a-4d89-991a-8829ae6ea27d" />
      <TestMethod codeBase="C:\combcell\googlecode\trunk\Solutions\CombCell\CombCell.Test\CombCell.Tests\bin\Debug\CombCell.Tests.dll" adapterTypeName="Microsoft.VisualStudio.TestTools.TestTypes.Unit.UnitTestAdapter, Microsoft.VisualStudio.QualityTools.Tips.UnitTest.Adapter, Version=9.0.0.0, Culture=neutral, PublicKeyToken=b03f5f7f11d50a3a" className="CombCell.LengendTest, CombCell.Tests" name="Add02" />
    </UnitTest>
    <UnitTest name="KeyGetSet02" storage="c:\combcell\googlecode\trunk\solutions\combcell\combcell.test\combcell.tests\bin\debug\combcell.tests.dll" id="b811970f-7aee-59e3-f447-78136a330882">
      <Css projectStructure="" iteration="" />
      <Owners>
        <Owner name="" />
      </Owners>
      <Execution id="24c7af3b-060c-4fd9-a2f0-9b3e57c806ab" />
      <TestMethod codeBase="C:\combcell\googlecode\trunk\Solutions\CombCell\CombCell.Test\CombCell.Tests\bin\Debug\CombCell.Tests.dll" adapterTypeName="Microsoft.VisualStudio.TestTools.TestTypes.Unit.UnitTestAdapter, Microsoft.VisualStudio.QualityTools.Tips.UnitTest.Adapter, Version=9.0.0.0, Culture=neutral, PublicKeyToken=b03f5f7f11d50a3a" className="CombCell.SchemeTest, CombCell.Tests" name="KeyGetSet02" />
    </UnitTest>
    <UnitTest name="Main02" storage="c:\combcell\googlecode\trunk\solutions\combcell\combcell.test\combcell.tests\bin\debug\combcell.tests.dll" id="29407696-b213-bb8d-b794-f90d76c52573">
      <Css projectStructure="" iteration="" />
      <Owners>
        <Owner name="" />
      </Owners>
      <Execution id="0242dc34-7cfd-4629-8530-1ff567586237" />
      <TestMethod codeBase="C:\combcell\googlecode\trunk\Solutions\CombCell\CombCell.Test\CombCell.Tests\bin\Debug\CombCell.Tests.dll" adapterTypeName="Microsoft.VisualStudio.TestTools.TestTypes.Unit.UnitTestAdapter, Microsoft.VisualStudio.QualityTools.Tips.UnitTest.Adapter, Version=9.0.0.0, Culture=neutral, PublicKeyToken=b03f5f7f11d50a3a" className="CombCell.CombCellAppTest, CombCell.Tests" name="Main02" />
    </UnitTest>
    <UnitTest name="KeyVertexesGetSet01" storage="c:\combcell\googlecode\trunk\solutions\combcell\combcell.dsalgo\combcell.dsalgo.tests\bin\debug\combcell.dsalgo.tests.dll" id="542dbf1e-c3c4-c118-39b9-570dcbc9f451">
      <Css projectStructure="" iteration="" />
      <Owners>
        <Owner name="" />
      </Owners>
      <Execution id="0210b8fb-dcb2-4445-8522-ff62c922a2d1" />
      <TestMethod codeBase="C:\combcell\googlecode\trunk\Solutions\CombCell\CombCell.DSAlgo\CombCell.DSAlgo.Tests\bin\Debug\CombCell.DSAlgo.Tests.dll" adapterTypeName="Microsoft.VisualStudio.TestTools.TestTypes.Unit.UnitTestAdapter, Microsoft.VisualStudio.QualityTools.Tips.UnitTest.Adapter, Version=9.0.0.0, Culture=neutral, PublicKeyToken=b03f5f7f11d50a3a" className="CombCell.DSAlgo.GraphPathTTest, CombCell.DSAlgo.Tests" name="KeyVertexesGetSet01" />
    </UnitTest>
    <UnitTest name="ItemGetSet01" storage="c:\combcell\googlecode\trunk\solutions\combcell\combcell.test\combcell.tests\bin\debug\combcell.tests.dll" id="d1ff9d90-b64e-57ec-3443-487bb8bb8132">
      <Css projectStructure="" iteration="" />
      <Owners>
        <Owner name="" />
      </Owners>
      <Execution id="c586cfd8-fdf2-41e7-8d63-ae3cc69476e1" />
      <TestMethod codeBase="C:\combcell\googlecode\trunk\Solutions\CombCell\CombCell.Test\CombCell.Tests\bin\Debug\CombCell.Tests.dll" adapterTypeName="Microsoft.VisualStudio.TestTools.TestTypes.Unit.UnitTestAdapter, Microsoft.VisualStudio.QualityTools.Tips.UnitTest.Adapter, Version=9.0.0.0, Culture=neutral, PublicKeyToken=b03f5f7f11d50a3a" className="CombCell.LengendTest, CombCell.Tests" name="ItemGetSet01" />
    </UnitTest>
    <UnitTest name="RemoveVertex02" storage="c:\combcell\googlecode\trunk\solutions\combcell\combcell.test\combcell.tests\bin\debug\combcell.tests.dll" id="9cd1d67e-71b8-f86b-c862-fb281c612ea2">
      <Css projectStructure="" iteration="" />
      <Owners>
        <Owner name="" />
      </Owners>
      <Execution id="ece7a4d4-3ffb-450e-84ea-01e095b426ce" />
      <TestMethod codeBase="C:\combcell\googlecode\trunk\Solutions\CombCell\CombCell.Test\CombCell.Tests\bin\Debug\CombCell.Tests.dll" adapterTypeName="Microsoft.VisualStudio.TestTools.TestTypes.Unit.UnitTestAdapter, Microsoft.VisualStudio.QualityTools.Tips.UnitTest.Adapter, Version=9.0.0.0, Culture=neutral, PublicKeyToken=b03f5f7f11d50a3a" className="CombCell.DSAlgo.GraphTTest, CombCell.Tests" name="RemoveVertex02" />
    </UnitTest>
    <UnitTest name="DiscriptionGet01" storage="c:\combcell\googlecode\trunk\solutions\combcell\combcell.dsalgo\combcell.dsalgo.tests\bin\debug\combcell.dsalgo.tests.dll" id="cc9293db-2bcd-b312-8519-66340e6150ed">
      <Css projectStructure="" iteration="" />
      <Owners>
        <Owner name="" />
      </Owners>
      <Execution id="79212a33-2dbe-4bc6-95e7-aa7a7386623a" />
      <TestMethod codeBase="C:\combcell\googlecode\trunk\Solutions\CombCell\CombCell.DSAlgo\CombCell.DSAlgo.Tests\bin\Debug\CombCell.DSAlgo.Tests.dll" adapterTypeName="Microsoft.VisualStudio.TestTools.TestTypes.Unit.UnitTestAdapter, Microsoft.VisualStudio.QualityTools.Tips.UnitTest.Adapter, Version=9.0.0.0, Culture=neutral, PublicKeyToken=b03f5f7f11d50a3a" className="CombCell.DSAlgo.SingleSourceTTest, CombCell.DSAlgo.Tests" name="DiscriptionGet01" />
    </UnitTest>
    <UnitTest name="YCountGet02" storage="c:\combcell\googlecode\trunk\solutions\combcell\combcell.test\combcell.tests\bin\debug\combcell.tests.dll" id="6cc5817f-90cd-1223-ea92-17f2ce9bf1e0">
      <Css projectStructure="" iteration="" />
      <Owners>
        <Owner name="" />
      </Owners>
      <Execution id="a8d1f6ef-d04e-464f-beb5-e389ffc8265e" />
      <TestMethod codeBase="C:\combcell\googlecode\trunk\Solutions\CombCell\CombCell.Test\CombCell.Tests\bin\Debug\CombCell.Tests.dll" adapterTypeName="Microsoft.VisualStudio.TestTools.TestTypes.Unit.UnitTestAdapter, Microsoft.VisualStudio.QualityTools.Tips.UnitTest.Adapter, Version=9.0.0.0, Culture=neutral, PublicKeyToken=b03f5f7f11d50a3a" className="CombCell.ArrangerTest, CombCell.Tests" name="YCountGet02" />
    </UnitTest>
    <UnitTest name="Constructor02" storage="c:\combcell\googlecode\trunk\solutions\combcell\combcell.test\combcell.tests\bin\debug\combcell.tests.dll" id="3c0a06d6-3b98-0183-cd67-7ebfb9079462">
      <Css projectStructure="" iteration="" />
      <Owners>
        <Owner name="" />
      </Owners>
      <Execution id="58f55144-7faa-4ce7-a789-1a9a14c27a69" />
      <TestMethod codeBase="C:\combcell\googlecode\trunk\Solutions\CombCell\CombCell.Test\CombCell.Tests\bin\Debug\CombCell.Tests.dll" adapterTypeName="Microsoft.VisualStudio.TestTools.TestTypes.Unit.UnitTestAdapter, Microsoft.VisualStudio.QualityTools.Tips.UnitTest.Adapter, Version=9.0.0.0, Culture=neutral, PublicKeyToken=b03f5f7f11d50a3a" className="CombCell.DSAlgo.EdgeTTest, CombCell.Tests" name="Constructor02" />
    </UnitTest>
    <UnitTest name="Calc02" storage="c:\combcell\googlecode\trunk\solutions\combcell\combcell.dsalgo\combcell.dsalgo.tests\bin\debug\combcell.dsalgo.tests.dll" id="3ec50a04-6340-3e8d-31ee-46ad6a891687">
      <Css projectStructure="" iteration="" />
      <Owners>
        <Owner name="" />
      </Owners>
      <Execution id="8e36859e-511c-41f9-82f3-19f5bb35bccb" />
      <TestMethod codeBase="C:\combcell\googlecode\trunk\Solutions\CombCell\CombCell.DSAlgo\CombCell.DSAlgo.Tests\bin\Debug\CombCell.DSAlgo.Tests.dll" adapterTypeName="Microsoft.VisualStudio.TestTools.TestTypes.Unit.UnitTestAdapter, Microsoft.VisualStudio.QualityTools.Tips.UnitTest.Adapter, Version=9.0.0.0, Culture=neutral, PublicKeyToken=b03f5f7f11d50a3a" className="CombCell.DSAlgo.SnakeTTest, CombCell.DSAlgo.Tests" name="Calc02" />
    </UnitTest>
    <UnitTest name="MarkIndex02" storage="c:\combcell\googlecode\trunk\solutions\combcell\combcell.test\combcell.tests\bin\debug\combcell.tests.dll" id="5cf64cab-9f0a-ff6a-23be-58b5210f614d">
      <Css projectStructure="" iteration="" />
      <Owners>
        <Owner name="" />
      </Owners>
      <Execution id="0f4cd711-e680-4376-8a98-a7f4b4b55e7a" />
      <TestMethod codeBase="C:\combcell\googlecode\trunk\Solutions\CombCell\CombCell.Test\CombCell.Tests\bin\Debug\CombCell.Tests.dll" adapterTypeName="Microsoft.VisualStudio.TestTools.TestTypes.Unit.UnitTestAdapter, Microsoft.VisualStudio.QualityTools.Tips.UnitTest.Adapter, Version=9.0.0.0, Culture=neutral, PublicKeyToken=b03f5f7f11d50a3a" className="CombCell.RectArrangerTest, CombCell.Tests" name="MarkIndex02" />
    </UnitTest>
    <UnitTest name="StateGetSet01" storage="c:\combcell\googlecode\trunk\solutions\combcell\combcell.test\combcell.tests\bin\debug\combcell.tests.dll" id="f1d3b2cd-6328-7285-3b14-5db00fe31bc0">
      <Css projectStructure="" iteration="" />
      <Owners>
        <Owner name="" />
      </Owners>
      <Execution id="16f2da63-61f4-44aa-a59d-fda910f3cef7" />
      <TestMethod codeBase="C:\combcell\googlecode\trunk\Solutions\CombCell\CombCell.Test\CombCell.Tests\bin\Debug\CombCell.Tests.dll" adapterTypeName="Microsoft.VisualStudio.TestTools.TestTypes.Unit.UnitTestAdapter, Microsoft.VisualStudio.QualityTools.Tips.UnitTest.Adapter, Version=9.0.0.0, Culture=neutral, PublicKeyToken=b03f5f7f11d50a3a" className="CombCell.CellTest, CombCell.Tests" name="StateGetSet01" />
    </UnitTest>
    <UnitTest name="IsConnectFc0102" storage="c:\combcell\googlecode\trunk\solutions\combcell\combcell.dsalgo\combcell.dsalgo.tests\bin\debug\combcell.dsalgo.tests.dll" id="4489afb5-8dce-d2b8-d878-9131c19e9653">
      <Css projectStructure="" iteration="" />
      <Owners>
        <Owner name="" />
      </Owners>
      <Execution id="452033e4-20ae-4870-819b-9851a8ef8df9" />
      <TestMethod codeBase="C:\combcell\googlecode\trunk\Solutions\CombCell\CombCell.DSAlgo\CombCell.DSAlgo.Tests\bin\Debug\CombCell.DSAlgo.Tests.dll" adapterTypeName="Microsoft.VisualStudio.TestTools.TestTypes.Unit.UnitTestAdapter, Microsoft.VisualStudio.QualityTools.Tips.UnitTest.Adapter, Version=9.0.0.0, Culture=neutral, PublicKeyToken=b03f5f7f11d50a3a" className="CombCell.DSAlgo.VertexTTest, CombCell.DSAlgo.Tests" name="IsConnectFc0102" />
    </UnitTest>
    <UnitTest name="HasNextPermutation0125" storage="c:\combcell\googlecode\trunk\solutions\combcell\combcell.dsalgo\combcell.dsalgo.tests\bin\debug\combcell.dsalgo.tests.dll" id="3cbfdd1a-0c6c-b960-34d1-b0c59783c35c">
      <Css projectStructure="" iteration="" />
      <Owners>
        <Owner name="" />
      </Owners>
      <Execution id="46a4bbee-1bae-4697-bfdb-ea71c51210f8" />
      <TestMethod codeBase="C:\combcell\googlecode\trunk\Solutions\CombCell\CombCell.DSAlgo\CombCell.DSAlgo.Tests\bin\Debug\CombCell.DSAlgo.Tests.dll" adapterTypeName="Microsoft.VisualStudio.TestTools.TestTypes.Unit.UnitTestAdapter, Microsoft.VisualStudio.QualityTools.Tips.UnitTest.Adapter, Version=9.0.0.0, Culture=neutral, PublicKeyToken=b03f5f7f11d50a3a" className="CombCell.DSAlgo.HamiltonSlowTTest, CombCell.DSAlgo.Tests" name="HasNextPermutation0125" />
    </UnitTest>
    <UnitTest name="FromPointToPair05" storage="c:\combcell\googlecode\trunk\solutions\combcell\combcell.test\combcell.tests\bin\debug\combcell.tests.dll" id="d47cbacd-53b8-185f-cba6-3abca6507269">
      <Css projectStructure="" iteration="" />
      <Owners>
        <Owner name="" />
      </Owners>
      <Execution id="8fe2fa22-6439-4744-9123-9fe32b656c18" />
      <TestMethod codeBase="C:\combcell\googlecode\trunk\Solutions\CombCell\CombCell.Test\CombCell.Tests\bin\Debug\CombCell.Tests.dll" adapterTypeName="Microsoft.VisualStudio.TestTools.TestTypes.Unit.UnitTestAdapter, Microsoft.VisualStudio.QualityTools.Tips.UnitTest.Adapter, Version=9.0.0.0, Culture=neutral, PublicKeyToken=b03f5f7f11d50a3a" className="CombCell.TriArrangerTest, CombCell.Tests" name="FromPointToPair05" />
    </UnitTest>
    <UnitTest name="NeedAddChild02" storage="c:\combcell\googlecode\trunk\solutions\combcell\combcell.test\combcell.tests\bin\debug\combcell.tests.dll" id="898621a0-bc34-a16a-2960-2011782f3b01">
      <Css projectStructure="" iteration="" />
      <Owners>
        <Owner name="" />
      </Owners>
      <Execution id="4e915cb9-d4d5-464f-8abe-67dc0e177253" />
      <TestMethod codeBase="C:\combcell\googlecode\trunk\Solutions\CombCell\CombCell.Test\CombCell.Tests\bin\Debug\CombCell.Tests.dll" adapterTypeName="Microsoft.VisualStudio.TestTools.TestTypes.Unit.UnitTestAdapter, Microsoft.VisualStudio.QualityTools.Tips.UnitTest.Adapter, Version=9.0.0.0, Culture=neutral, PublicKeyToken=b03f5f7f11d50a3a" className="CombCell.ArrangerTest, CombCell.Tests" name="NeedAddChild02" />
    </UnitTest>
    <UnitTest name="PenGetSet04" storage="c:\combcell\googlecode\trunk\solutions\combcell\combcell.test\combcell.tests\bin\debug\combcell.tests.dll" id="78b7759f-87b6-6ccd-f263-3a7d0e73b759">
      <Css projectStructure="" iteration="" />
      <Owners>
        <Owner name="" />
      </Owners>
      <Execution id="0dece88c-e091-4c74-90d9-81377f970e18" />
      <TestMethod codeBase="C:\combcell\googlecode\trunk\Solutions\CombCell\CombCell.Test\CombCell.Tests\bin\Debug\CombCell.Tests.dll" adapterTypeName="Microsoft.VisualStudio.TestTools.TestTypes.Unit.UnitTestAdapter, Microsoft.VisualStudio.QualityTools.Tips.UnitTest.Adapter, Version=9.0.0.0, Culture=neutral, PublicKeyToken=b03f5f7f11d50a3a" className="CombCell.SchemeTest, CombCell.Tests" name="PenGetSet04" />
    </UnitTest>
    <UnitTest name="NextPermutation20" storage="c:\combcell\googlecode\trunk\solutions\combcell\combcell.dsalgo\combcell.dsalgo.tests\bin\debug\combcell.dsalgo.tests.dll" id="d6aa638d-9475-23cb-020b-82d4c2d297bf">
      <Css projectStructure="" iteration="" />
      <Owners>
        <Owner name="" />
      </Owners>
      <Execution id="68c68471-b3ee-4294-b4e0-98f0d8530124" />
      <TestMethod codeBase="C:\combcell\googlecode\trunk\Solutions\CombCell\CombCell.DSAlgo\CombCell.DSAlgo.Tests\bin\Debug\CombCell.DSAlgo.Tests.dll" adapterTypeName="Microsoft.VisualStudio.TestTools.TestTypes.Unit.UnitTestAdapter, Microsoft.VisualStudio.QualityTools.Tips.UnitTest.Adapter, Version=9.0.0.0, Culture=neutral, PublicKeyToken=b03f5f7f11d50a3a" className="CombCell.DSAlgo.HamiltonSlowTTest, CombCell.DSAlgo.Tests" name="NextPermutation20" />
    </UnitTest>
    <UnitTest name="NextPermutation11" storage="c:\combcell\googlecode\trunk\solutions\combcell\combcell.dsalgo\combcell.dsalgo.tests\bin\debug\combcell.dsalgo.tests.dll" id="d714aa6d-a11b-4b34-f001-0b320ca530a4">
      <Css projectStructure="" iteration="" />
      <Owners>
        <Owner name="" />
      </Owners>
      <Execution id="06293cd9-0d30-4c2a-a68a-f7c279576ed8" />
      <TestMethod codeBase="C:\combcell\googlecode\trunk\Solutions\CombCell\CombCell.DSAlgo\CombCell.DSAlgo.Tests\bin\Debug\CombCell.DSAlgo.Tests.dll" adapterTypeName="Microsoft.VisualStudio.TestTools.TestTypes.Unit.UnitTestAdapter, Microsoft.VisualStudio.QualityTools.Tips.UnitTest.Adapter, Version=9.0.0.0, Culture=neutral, PublicKeyToken=b03f5f7f11d50a3a" className="CombCell.DSAlgo.HamiltonSlowTTest, CombCell.DSAlgo.Tests" name="NextPermutation11" />
    </UnitTest>
    <UnitTest name="ItemGetSet05" storage="c:\combcell\googlecode\trunk\solutions\combcell\combcell.test\combcell.tests\bin\debug\combcell.tests.dll" id="0c47ca1c-46dd-f2a9-2b2a-81373dd83c71">
      <Css projectStructure="" iteration="" />
      <Owners>
        <Owner name="" />
      </Owners>
      <Execution id="cb4429d3-a1d8-407e-9bbd-f36dec5b3566" />
      <TestMethod codeBase="C:\combcell\googlecode\trunk\Solutions\CombCell\CombCell.Test\CombCell.Tests\bin\Debug\CombCell.Tests.dll" adapterTypeName="Microsoft.VisualStudio.TestTools.TestTypes.Unit.UnitTestAdapter, Microsoft.VisualStudio.QualityTools.Tips.UnitTest.Adapter, Version=9.0.0.0, Culture=neutral, PublicKeyToken=b03f5f7f11d50a3a" className="CombCell.LengendTest, CombCell.Tests" name="ItemGetSet05" />
    </UnitTest>
    <UnitTest name="KeyGetSet01" storage="c:\combcell\googlecode\trunk\solutions\combcell\combcell.test\combcell.tests\bin\debug\combcell.tests.dll" id="24e3cde3-ffea-6601-6bfc-29a420938587">
[...]
      <Output>
      </Output>
    </UnitTestResult>
    <UnitTestResult executionId="10bdab4b-268b-44f7-83f4-3e1bdccb7426" testId="28eef2f0-3a75-0ec0-be77-54c61d0e9d94" testName="CopyTo02" computerName="FARSEER-PC" duration="00:00:00.0010429" startTime="2009-07-27T15:45:03.6626000+08:00" endTime="2009-07-27T15:45:03.6696000+08:00" testType="13cdc9d9-ddb5-4fa4-a97d-d965ccfc6d4b" outcome="Passed" testListId="8c84fa94-04c1-424b-9868-57a2d4851a1d">
      <Output>
      </Output>
    </UnitTestResult>
    <UnitTestResult executionId="74dec8ec-9d3c-4833-9c90-12dcc74ed0ac" testId="7d08d66f-0211-9ff7-469f-1793e93f0258" testName="CopyTo01" computerName="FARSEER-PC" duration="00:00:00.0008555" startTime="2009-07-27T15:45:03.6846000+08:00" endTime="2009-07-27T15:45:03.6976000+08:00" testType="13cdc9d9-ddb5-4fa4-a97d-d965ccfc6d4b" outcome="Passed" testListId="8c84fa94-04c1-424b-9868-57a2d4851a1d">
      <Output>
      </Output>
    </UnitTestResult>
    <UnitTestResult executionId="0845d2d6-af30-4e72-86f2-8269624867c1" testId="0a6473d4-c93c-c831-f730-8b4a04959d64" testName="CopyTo08" computerName="FARSEER-PC" duration="00:00:00.0008744" startTime="2009-07-27T15:45:03.6976000+08:00" endTime="2009-07-27T15:45:03.7126000+08:00" testType="13cdc9d9-ddb5-4fa4-a97d-d965ccfc6d4b" outcome="Passed" testListId="8c84fa94-04c1-424b-9868-57a2d4851a1d">
      <Output>
      </Output>
    </UnitTestResult>
    <UnitTestResult executionId="f99b2fc9-49f9-4046-b756-7c57390da853" testId="13101fd7-7f5b-d9b4-ce85-7cdeb3b373e4" testName="CountGet01" computerName="FARSEER-PC" duration="00:00:00.0014239" startTime="2009-07-27T15:45:03.7346000+08:00" endTime="2009-07-27T15:45:03.7396000+08:00" testType="13cdc9d9-ddb5-4fa4-a97d-d965ccfc6d4b" outcome="Passed" testListId="8c84fa94-04c1-424b-9868-57a2d4851a1d">
      <Output>
      </Output>
    </UnitTestResult>
    <UnitTestResult executionId="c98cbe3f-c9f1-4653-8261-7933c72aec8d" testId="ff5fb2f7-8a12-f128-b560-b13172df72a5" testName="EmptyGet01" computerName="FARSEER-PC" duration="00:00:00.0014352" startTime="2009-07-27T15:45:03.7836000+08:00" endTime="2009-07-27T15:45:03.7886000+08:00" testType="13cdc9d9-ddb5-4fa4-a97d-d965ccfc6d4b" outcome="Passed" testListId="8c84fa94-04c1-424b-9868-57a2d4851a1d">
      <Output>
      </Output>
    </UnitTestResult>
    <UnitTestResult executionId="b232e4e2-3f56-4715-ba3a-079b4fbbce56" testId="d8e2651b-3f5c-0b91-c347-2c8979204eab" testName="GetEnumerator02" computerName="FARSEER-PC" duration="00:00:00.0125645" startTime="2009-07-27T15:45:03.7896000+08:00" endTime="2009-07-27T15:45:03.8076000+08:00" testType="13cdc9d9-ddb5-4fa4-a97d-d965ccfc6d4b" outcome="Passed" testListId="8c84fa94-04c1-424b-9868-57a2d4851a1d">
      <Output>
      </Output>
    </UnitTestResult>
    <UnitTestResult executionId="c6918636-ebbe-4c0f-bed3-a4393710a204" testId="663e954f-f16c-b57e-2d05-a23036c1bce9" testName="Insert0101" computerName="FARSEER-PC" duration="00:00:00.0013600" startTime="2009-07-27T15:45:03.8166000+08:00" endTime="2009-07-27T15:45:03.8226000+08:00" testType="13cdc9d9-ddb5-4fa4-a97d-d965ccfc6d4b" outcome="Passed" testListId="8c84fa94-04c1-424b-9868-57a2d4851a1d">
      <Output>
      </Output>
    </UnitTestResult>
    <UnitTestResult executionId="6d4c34cb-5df0-42e7-beb8-5954a9396a00" testId="f65bb69b-f249-a757-8834-65f69ebe4493" testName="Insert02" computerName="FARSEER-PC" duration="00:00:00.0014723" startTime="2009-07-27T15:45:03.8226000+08:00" endTime="2009-07-27T15:45:03.8296000+08:00" testType="13cdc9d9-ddb5-4fa4-a97d-d965ccfc6d4b" outcome="Passed" testListId="8c84fa94-04c1-424b-9868-57a2d4851a1d">
      <Output>
      </Output>
    </UnitTestResult>
    <UnitTestResult executionId="5a4e05b9-60e2-43af-9c80-ab8578fa2303" testId="9c743b20-c7ed-01f1-727c-95512b775bfb" testName="IsReadOnlyGet01" computerName="FARSEER-PC" duration="00:00:00.0014728" startTime="2009-07-27T15:45:03.8296000+08:00" endTime="2009-07-27T15:45:03.8356000+08:00" testType="13cdc9d9-ddb5-4fa4-a97d-d965ccfc6d4b" outcome="Passed" testListId="8c84fa94-04c1-424b-9868-57a2d4851a1d">
      <Output>
      </Output>
    </UnitTestResult>
    <UnitTestResult executionId="e5b37efd-74a0-4fbd-81a0-dfccfca6769c" testId="b60c443b-27a9-92b5-97f6-ea8d091f97b0" testName="ItemGetSet01" computerName="FARSEER-PC" duration="00:00:00.0015029" startTime="2009-07-27T15:45:03.8366000+08:00" endTime="2009-07-27T15:45:03.8426000+08:00" testType="13cdc9d9-ddb5-4fa4-a97d-d965ccfc6d4b" outcome="Passed" testListId="8c84fa94-04c1-424b-9868-57a2d4851a1d">
      <Output>
      </Output>
    </UnitTestResult>
    <UnitTestResult executionId="7c59c454-b402-4ef4-9bbd-fede7ec9f263" testId="5eb108e1-6097-b5b5-9011-10286332ff46" testName="KeysGet01" computerName="FARSEER-PC" duration="00:00:00.0022817" startTime="2009-07-27T15:45:03.8446000+08:00" endTime="2009-07-27T15:45:03.8506000+08:00" testType="13cdc9d9-ddb5-4fa4-a97d-d965ccfc6d4b" outcome="Passed" testListId="8c84fa94-04c1-424b-9868-57a2d4851a1d">
      <Output>
      </Output>
    </UnitTestResult>
    <UnitTestResult executionId="1252552f-d44a-4355-a7fc-56be6008ccbb" testId="18424f2f-db80-a071-54b9-1c93399e2830" testName="Peek01" computerName="FARSEER-PC" duration="00:00:00.0025816" startTime="2009-07-27T15:45:03.8526000+08:00" endTime="2009-07-27T15:45:03.8576000+08:00" testType="13cdc9d9-ddb5-4fa4-a97d-d965ccfc6d4b" outcome="Passed" testListId="8c84fa94-04c1-424b-9868-57a2d4851a1d">
      <Output>
      </Output>
    </UnitTestResult>
    <UnitTestResult executionId="e4868b6d-7e0d-4eae-b0d5-be0a91167887" testId="5f2cb960-960f-f75f-2302-342bfc059245" testName="Pop01" computerName="FARSEER-PC" duration="00:00:00.0019945" startTime="2009-07-27T15:45:03.8606000+08:00" endTime="2009-07-27T15:45:03.8646000+08:00" testType="13cdc9d9-ddb5-4fa4-a97d-d965ccfc6d4b" outcome="Passed" testListId="8c84fa94-04c1-424b-9868-57a2d4851a1d">
      <Output>
      </Output>
    </UnitTestResult>
    <UnitTestResult executionId="3ef06767-c73a-4f0a-81bb-8382b7f3ddc7" testId="d28f95a8-8f99-346b-1bf0-7d493e4273f0" testName="Remove0101" computerName="FARSEER-PC" duration="00:00:00.0025871" startTime="2009-07-27T15:45:03.8656000+08:00" endTime="2009-07-27T15:45:03.8706000+08:00" testType="13cdc9d9-ddb5-4fa4-a97d-d965ccfc6d4b" outcome="Passed" testListId="8c84fa94-04c1-424b-9868-57a2d4851a1d">
      <Output>
      </Output>
    </UnitTestResult>
    <UnitTestResult executionId="fb04c49d-5f5e-4818-a903-84b4e6a1817c" testId="98d1f84a-994a-43f6-d66c-1e5e039449ab" testName="Remove02" computerName="FARSEER-PC" duration="00:00:00.0022852" startTime="2009-07-27T15:45:03.8716000+08:00" endTime="2009-07-27T15:45:03.8786000+08:00" testType="13cdc9d9-ddb5-4fa4-a97d-d965ccfc6d4b" outcome="Passed" testListId="8c84fa94-04c1-424b-9868-57a2d4851a1d">
      <Output>
      </Output>
    </UnitTestResult>
    <UnitTestResult executionId="743febf2-b912-4293-8cdc-09b1be383f83" testId="971249cf-ee88-ee2b-ccf3-9bd77d25c68e" testName="TryGetValue01" computerName="FARSEER-PC" duration="00:00:00.0021985" startTime="2009-07-27T15:45:03.8786000+08:00" endTime="2009-07-27T15:45:03.8836000+08:00" testType="13cdc9d9-ddb5-4fa4-a97d-d965ccfc6d4b" outcome="Passed" testListId="8c84fa94-04c1-424b-9868-57a2d4851a1d">
      <Output>
      </Output>
    </UnitTestResult>
    <UnitTestResult executionId="b0c634be-b6c6-44e8-ae4b-0b69806f618f" testId="5df7a1dc-ca7b-9fe3-28ac-f31d7a971eb7" testName="ValuesGet01" computerName="FARSEER-PC" duration="00:00:00.0042501" startTime="2009-07-27T15:45:03.8836000+08:00" endTime="2009-07-27T15:45:03.8906000+08:00" testType="13cdc9d9-ddb5-4fa4-a97d-d965ccfc6d4b" outcome="Passed" testListId="8c84fa94-04c1-424b-9868-57a2d4851a1d">
      <Output>
      </Output>
    </UnitTestResult>
    <UnitTestResult executionId="e4c313fa-e03b-4baf-be32-63b74bccb1e3" testId="2478ceae-0166-8cd7-64b8-c833f73662cd" testName="Calc01" computerName="FARSEER-PC" duration="00:00:00.0013441" startTime="2009-07-27T15:45:03.8906000+08:00" endTime="2009-07-27T15:45:03.8946000+08:00" testType="13cdc9d9-ddb5-4fa4-a97d-d965ccfc6d4b" outcome="Passed" testListId="8c84fa94-04c1-424b-9868-57a2d4851a1d">
      <Output>
      </Output>
    </UnitTestResult>
    <UnitTestResult executionId="ee908c23-24d5-4806-a737-dd44b58f1e93" testId="5c7305bf-ecd3-25df-2869-441643906bc2" testName="CanCalcGet01" computerName="FARSEER-PC" duration="00:00:00.0013222" startTime="2009-07-27T15:45:03.8966000+08:00" endTime="2009-07-27T15:45:03.9136000+08:00" testType="13cdc9d9-ddb5-4fa4-a97d-d965ccfc6d4b" outcome="Passed" testListId="8c84fa94-04c1-424b-9868-57a2d4851a1d">
      <Output>
      </Output>
    </UnitTestResult>
    <UnitTestResult executionId="85240857-b323-48ef-ac13-f7eebd63e064" testId="26f761bc-4872-decf-8e2c-701555e6c704" testName="Constructor01" computerName="FARSEER-PC" duration="00:00:00.0009147" startTime="2009-07-27T15:45:03.9156000+08:00" endTime="2009-07-27T15:45:03.9216000+08:00" testType="13cdc9d9-ddb5-4fa4-a97d-d965ccfc6d4b" outcome="Passed" testListId="8c84fa94-04c1-424b-9868-57a2d4851a1d">
      <Output>
      </Output>
    </UnitTestResult>
    <UnitTestResult executionId="79212a33-2dbe-4bc6-95e7-aa7a7386623a" testId="cc9293db-2bcd-b312-8519-66340e6150ed" testName="DiscriptionGet01" computerName="FARSEER-PC" duration="00:00:00.0010598" startTime="2009-07-27T15:45:03.9246000+08:00" endTime="2009-07-27T15:45:03.9286000+08:00" testType="13cdc9d9-ddb5-4fa4-a97d-d965ccfc6d4b" outcome="Passed" testListId="8c84fa94-04c1-424b-9868-57a2d4851a1d">
      <Output>
      </Output>
    </UnitTestResult>
    <UnitTestResult executionId="0ce45e61-d967-403d-82cd-23b2ebfc14b8" testId="f656bb0b-b6d8-4a6c-748f-d7d0e8239119" testName="NameGet01" computerName="FARSEER-PC" duration="00:00:00.0010284" startTime="2009-07-27T15:45:03.9296000+08:00" endTime="2009-07-27T15:45:03.9376000+08:00" testType="13cdc9d9-ddb5-4fa4-a97d-d965ccfc6d4b" outcome="Passed" testListId="8c84fa94-04c1-424b-9868-57a2d4851a1d">
      <Output>
      </Output>
    </UnitTestResult>
    <UnitTestResult executionId="8e36859e-511c-41f9-82f3-19f5bb35bccb" testId="3ec50a04-6340-3e8d-31ee-46ad6a891687" testName="Calc02" computerName="FARSEER-PC" duration="00:00:00.0114570" startTime="2009-07-27T15:45:03.9376000+08:00" endTime="2009-07-27T15:45:03.9536000+08:00" testType="13cdc9d9-ddb5-4fa4-a97d-d965ccfc6d4b" outcome="Passed" testListId="8c84fa94-04c1-424b-9868-57a2d4851a1d">
      <Output>
      </Output>
    </UnitTestResult>
    <UnitTestResult executionId="cce6359d-13ca-4730-af51-71bbaa19f68d" testId="10e8fae8-812e-cbf5-20a7-d0d2b4369324" testName="Calc01" computerName="FARSEER-PC" duration="00:00:00.0007652" startTime="2009-07-27T15:45:03.9576000+08:00" endTime="2009-07-27T15:45:03.9626000+08:00" testType="13cdc9d9-ddb5-4fa4-a97d-d965ccfc6d4b" outcome="Passed" testListId="8c84fa94-04c1-424b-9868-57a2d4851a1d">
      <Output>
      </Output>
    </UnitTestResult>
    <UnitTestResult executionId="14fd6419-4bf4-4aad-bbc0-4bb5ebc74914" testId="69fc1e48-5d16-5aef-b5d0-ed26eab63571" testName="Calc04" computerName="FARSEER-PC" duration="00:00:00.0047376" startTime="2009-07-27T15:45:03.9626000+08:00" endTime="2009-07-27T15:45:03.9716000+08:00" testType="13cdc9d9-ddb5-4fa4-a97d-d965ccfc6d4b" outcome="Failed" testListId="8c84fa94-04c1-424b-9868-57a2d4851a1d">
      <Output>
        <ErrorInfo>
          <Message>测试方法 CombCell.DSAlgo.SnakeTTest.Calc04 引发异常:  System.InvalidOperationException: 对象的当前状态使该操作无效。。</Message>
          <StackTrace>    在 CombCell.DSAlgo.SingleSource`1.Initialize() 位置 C:\combcell\googlecode\trunk\Solutions\CombCell\CombCell.DSAlgo\SingleSource.cs:行号 65
   在 CombCell.DSAlgo.SingleSource`1.Calc() 位置 C:\combcell\googlecode\trunk\Solutions\CombCell\CombCell.DSAlgo\SingleSource.cs:行号 49
   在 CombCell.DSAlgo.Snake`1.Calc() 位置 C:\combcell\googlecode\trunk\Solutions\CombCell\CombCell.DSAlgo\Snake.cs:行号 55
   在 CombCell.DSAlgo.SnakeTTest.Calc[T](Snake`1 target) 位置 C:\combcell\googlecode\trunk\Solutions\CombCell\CombCell.DSAlgo\CombCell.DSAlgo.Tests\SnakeTTest.cs:行号 52
   在 CombCell.DSAlgo.SnakeTTest.Calc04() 位置 C:\combcell\googlecode\trunk\Solutions\CombCell\CombCell.DSAlgo\CombCell.DSAlgo.Tests\SnakeTTest.Calc.g.cs:行号 59
</StackTrace>
        </ErrorInfo>
      </Output>
    </UnitTestResult>
    <UnitTestResult executionId="d1495471-cd1b-495f-90e3-ce3d2826682e" testId="75963d77-d662-c746-916b-1067d83c8226" testName="Calc03" computerName="FARSEER-PC" duration="00:00:00.0011705" startTime="2009-07-27T15:45:03.9726000+08:00" endTime="2009-07-27T15:45:03.9846000+08:00" testType="13cdc9d9-ddb5-4fa4-a97d-d965ccfc6d4b" outcome="Passed" testListId="8c84fa94-04c1-424b-9868-57a2d4851a1d">
      <Output>
      </Output>
    </UnitTestResult>
    <UnitTestResult executionId="24797db0-a2e2-4d23-a764-27a3ae771201" testId="148f2340-9e71-8929-8a6a-80aa0c815d32" testName="CalcFc0101" computerName="FARSEER-PC" duration="00:00:00.0019238" startTime="2009-07-27T15:45:03.9866000+08:00" endTime="2009-07-27T15:45:03.9916000+08:00" testType="13cdc9d9-ddb5-4fa4-a97d-d965ccfc6d4b" outcome="Passed" testListId="8c84fa94-04c1-424b-9868-57a2d4851a1d">
      <Output>
      </Output>
    </UnitTestResult>
    <UnitTestResult executionId="5d3cde45-706a-4354-8d2e-fb515c11c6ae" testId="65bee330-664e-c5a2-ddf2-b22c20bc5770" testName="CanCalcGet01" computerName="FARSEER-PC" duration="00:00:00.0014590" startTime="2009-07-27T15:45:03.9916000+08:00" endTime="2009-07-27T15:45:03.9976000+08:00" testType="13cdc9d9-ddb5-4fa4-a97d-d965ccfc6d4b" outcome="Passed" testListId="8c84fa94-04c1-424b-9868-57a2d4851a1d">
      <Output>
      </Output>
    </UnitTestResult>
    <UnitTestResult executionId="b0e3b38e-1011-4a78-a2aa-f6b5dea4daa7" testId="194b8fcf-ae61-51bb-ee8c-6c3e93e094ad" testName="CanCalcGet02" computerName="FARSEER-PC" duration="00:00:00.0007125" startTime="2009-07-27T15:45:03.9986000+08:00" endTime="2009-07-27T15:45:04.0036000+08:00" testType="13cdc9d9-ddb5-4fa4-a97d-d965ccfc6d4b" outcome="Passed" testListId="8c84fa94-04c1-424b-9868-57a2d4851a1d">
      <Output>
      </Output>
    </UnitTestResult>
    <UnitTestResult executionId="f5243dca-2e22-4668-9b3c-40aed7109cd6" testId="1df1cad8-78d1-e5b7-cbdd-a603cc268baf" testName="Constructor01" computerName="FARSEER-PC" duration="00:00:00.0008397" startTime="2009-07-27T15:45:04.0036000+08:00" endTime="2009-07-27T15:45:04.0086000+08:00" testType="13cdc9d9-ddb5-4fa4-a97d-d965ccfc6d4b" outcome="Passed" testListId="8c84fa94-04c1-424b-9868-57a2d4851a1d">
      <Output>
      </Output>
    </UnitTestResult>
    <UnitTestResult executionId="c76a4729-9fb9-4ed3-9d85-8e286027c42e" testId="41ae6242-81c9-a3d2-bae7-20022b9e4fdf" testName="DiscriptionGet01" computerName="FARSEER-PC" duration="00:00:00.0010344" startTime="2009-07-27T15:45:04.0146000+08:00" endTime="2009-07-27T15:45:04.0176000+08:00" testType="13cdc9d9-ddb5-4fa4-a97d-d965ccfc6d4b" outcome="Passed" testListId="8c84fa94-04c1-424b-9868-57a2d4851a1d">
      <Output>
      </Output>
    </UnitTestResult>
    <UnitTestResult executionId="2e90d2e2-c249-420a-855c-4b23a7c51225" testId="034a6cda-f24b-c8a5-0778-d18e83bba864" testName="NameGet01" computerName="FARSEER-PC" duration="00:00:00.0026085" startTime="2009-07-27T15:45:04.0176000+08:00" endTime="2009-07-27T15:45:04.0266000+08:00" testType="13cdc9d9-ddb5-4fa4-a97d-d965ccfc6d4b" outcome="Passed" testListId="8c84fa94-04c1-424b-9868-57a2d4851a1d">
      <Output>
      </Output>
    </UnitTestResult>
    <UnitTestResult executionId="f06bfe63-e9f1-44c8-a6f9-1c7c51690557" testId="89fd3938-08dc-ccf2-d5e2-2c12313c0ce3" testName="AccessedGetSet01" computerName="FARSEER-PC" duration="00:00:00.0016132" startTime="2009-07-27T15:45:04.0276000+08:00" endTime="2009-07-27T15:45:04.0346000+08:00" testType="13cdc9d9-ddb5-4fa4-a97d-d965ccfc6d4b" outcome="Passed" testListId="8c84fa94-04c1-424b-9868-57a2d4851a1d">
      <Output>
      </Output>
    </UnitTestResult>
    <UnitTestResult executionId="b9035270-bd87-4690-95e0-62d54e718668" testId="e186e843-f1f1-4e91-04fe-aaf7027a2432" testName="AccessedGetSet02" computerName="FARSEER-PC" duration="00:00:00.0459721" startTime="2009-07-27T15:45:04.0366000+08:00" endTime="2009-07-27T15:45:04.0856000+08:00" testType="13cdc9d9-ddb5-4fa4-a97d-d965ccfc6d4b" outcome="Passed" testListId="8c84fa94-04c1-424b-9868-57a2d4851a1d">
      <Output>
      </Output>
    </UnitTestResult>
    <UnitTestResult executionId="86d45e14-42fb-44d0-baf8-59ee7bf62576" testId="72f41e46-5541-1538-84c9-11e7f81c8af7" testName="Constructor01" computerName="FARSEER-PC" duration="00:00:00.0014621" startTime="2009-07-27T15:45:04.0866000+08:00" endTime="2009-07-27T15:45:04.0936000+08:00" testType="13cdc9d9-ddb5-4fa4-a97d-d965ccfc6d4b" outcome="Passed" testListId="8c84fa94-04c1-424b-9868-57a2d4851a1d">
      <Output>
      </Output>
    </UnitTestResult>
    <UnitTestResult executionId="237a6a85-2602-4c40-9dc1-029aed45ae2f" testId="d40f288f-b8d8-c53f-a53b-4d7a3b22322e" testName="EdgesGet01" computerName="FARSEER-PC" duration="00:00:00.0010170" startTime="2009-07-27T15:45:04.0936000+08:00" endTime="2009-07-27T15:45:04.1006000+08:00" testType="13cdc9d9-ddb5-4fa4-a97d-d965ccfc6d4b" outcome="Passed" testListId="8c84fa94-04c1-424b-9868-57a2d4851a1d">
      <Output>
      </Output>
    </UnitTestResult>
    <UnitTestResult executionId="e5b31273-4c73-447c-9e96-fcb7501f8e88" testId="f6a77015-a5f2-417a-9657-e49969eb5b51" testName="IsConnect01" computerName="FARSEER-PC" duration="00:00:00.0029105" startTime="2009-07-27T15:45:04.1006000+08:00" endTime="2009-07-27T15:45:04.1076000+08:00" testType="13cdc9d9-ddb5-4fa4-a97d-d965ccfc6d4b" outcome="Passed" testListId="8c84fa94-04c1-424b-9868-57a2d4851a1d">
      <Output>
      </Output>
    </UnitTestResult>
    <UnitTestResult executionId="2d901489-3b9b-43bc-801b-7b6d4d6526e9" testId="34139508-18de-db7d-ab29-fe6f43daf29c" testName="IsConnect02" computerName="FARSEER-PC" duration="00:00:00.0004358" startTime="2009-07-27T15:45:04.1176000+08:00" endTime="2009-07-27T15:45:04.1216000+08:00" testType="13cdc9d9-ddb5-4fa4-a97d-d965ccfc6d4b" outcome="Passed" testListId="8c84fa94-04c1-424b-9868-57a2d4851a1d">
      <Output>
      </Output>
    </UnitTestResult>
    <UnitTestResult executionId="452033e4-20ae-4870-819b-9851a8ef8df9" testId="4489afb5-8dce-d2b8-d878-9131c19e9653" testName="IsConnectFc0102" computerName="FARSEER-PC" duration="00:00:00.0010134" startTime="2009-07-27T15:45:04.1216000+08:00" endTime="2009-07-27T15:45:04.1276000+08:00" testType="13cdc9d9-ddb5-4fa4-a97d-d965ccfc6d4b" outcome="Passed" testListId="8c84fa94-04c1-424b-9868-57a2d4851a1d">
      <Output>
      </Output>
    </UnitTestResult>
    <UnitTestResult executionId="1739cddf-3508-4a74-81bd-e3754c78615d" testId="1f2f365d-7ae3-7a91-8711-207f7c6fe981" testName="KeyGetSet01" computerName="FARSEER-PC" duration="00:00:00.0008082" startTime="2009-07-27T15:45:04.1276000+08:00" endTime="2009-07-27T15:45:04.1326000+08:00" testType="13cdc9d9-ddb5-4fa4-a97d-d965ccfc6d4b" outcome="Passed" testListId="8c84fa94-04c1-424b-9868-57a2d4851a1d">
      <Output>
      </Output>
    </UnitTestResult>
    <UnitTestResult executionId="4b6a80ea-b29d-46f7-b207-d6f53e495d66" testId="3cf64920-97f7-ca4d-0c45-dfc6cfb3426f" testName="ToString01" computerName="FARSEER-PC" duration="00:00:00.0015222" startTime="2009-07-27T15:45:04.1336000+08:00" endTime="2009-07-27T15:45:04.1386000+08:00" testType="13cdc9d9-ddb5-4fa4-a97d-d965ccfc6d4b" outcome="Passed" testListId="8c84fa94-04c1-424b-9868-57a2d4851a1d">
      <Output>
      </Output>
    </UnitTestResult>
  </Results>
</TestRun>